#
# A fatal error has been detected by the Java Runtime Environment:
#
#  SIGSEGV (0xb) at pc=0x00007f3b9e99a7d2, pid=15028, tid=0x00007f3b88d6f700
#
# JRE version: Java(TM) SE Runtime Environment (8.0_201-b09) (build 1.8.0_201-b09)
# Java VM: Java HotSpot(TM) 64-Bit Server VM (25.201-b09 mixed mode linux-amd64 compressed oops)
# Problematic frame:
# V  [libjvm.so+0x9877d2]  oopDesc* PSPromotionManager::copy_to_survivor_space<false>(oopDesc*)+0x3b2
#
# Failed to write core dump. Core dumps have been disabled. To enable core dumping, try "ulimit -c unlimited" before starting Java again
#
# If you would like to submit a bug report, please visit:
#   http://bugreport.java.com/bugreport/crash.jsp
#

---------------  T H R E A D  ---------------

Current thread (0x00007f3b9802a800):  GCTaskThread [stack: 0x00007f3b88c70000,0x00007f3b88d70000] [id=15035]

siginfo: si_signo: 11 (SIGSEGV), si_code: 1 (SEGV_MAPERR), si_addr: 0x0000000003200380

Registers:
RAX=0x0000000003200378, RBX=0x00000000e4d48110, RCX=0x0000000000000003, RDX=0x0000000000000001
RSP=0x00007f3b88d6ebd0, RBP=0x00007f3b88d6ec60, RSI=0x00000000e4d48110, RDI=0x00007f3b98143f00
R8 =0x004d002e00690075, R9 =0x00007f3b9efdf2b0, R10=0x00007f3b9efabda0, R11=0x00000000e3e7fa48
R12=0x00007f3b98143f00, R13=0x0000000000000000, R14=0x00007f3b98143f68, R15=0x00007f3b9efabdb0
RIP=0x00007f3b9e99a7d2, EFLAGS=0x0000000000010206, CSGSFS=0x002b000000000033, ERR=0x0000000000000004
  TRAPNO=0x000000000000000e

Top of Stack: (sp=0x00007f3b88d6ebd0)
0x00007f3b88d6ebd0:   00007f3b88d6ec60 00007f3b9e999441
0x00007f3b88d6ebe0:   0000008000000000 0000000000000018
0x00007f3b88d6ebf0:   00007f3b00000003 0000000000000001
0x00007f3b88d6ec00:   00000000e3e7a040 0000000000001000
0x00007f3b88d6ec10:   00007f3b9f8147df 0000000000000000
0x00007f3b88d6ec20:   0000000000000054 00007f3b9802bc50
0x00007f3b88d6ec30:   00007f3b9802bc28 00007f3b98143f00
0x00007f3b88d6ec40:   000000008594ee24 0000000000000000
0x00007f3b88d6ec50:   00007f3b98143f68 00007f3b9efabdb0
0x00007f3b88d6ec60:   00007f3b88d6ecb0 00007f3b9e99a048
0x00007f3b88d6ec70:   00007f3b88d6ecb0 00007f3b9e65de8e
0x00007f3b88d6ec80:   00007f3b98026b30 0000000085952368
0x00007f3b88d6ec90:   00007f3b980174d0 0000000000000240
0x00007f3b88d6eca0:   00007f3b9c231a92 00007f3b9c231a92
0x00007f3b88d6ecb0:   00007f3b88d6ed70 00007f3b9e3e439e
0x00007f3b88d6ecc0:   00007f3b88d6ed10 00007f3b9c231a91
0x00007f3b88d6ecd0:   00007f3b9c22d000 0000000000000000
0x00007f3b88d6ece0:   00007f3b9c22d000 00007f3b98143f00
0x00007f3b88d6ecf0:   0000000085952368 0000000086710a58
0x00007f3b88d6ed00:   0000000085952368 00007f3b9c231a00
0x00007f3b88d6ed10:   0000000000000200 00007f3b9c231a11
0x00007f3b88d6ed20:   00007f3b9c238886 00007f3b9c231a00
0x00007f3b88d6ed30:   00007f3b9c231a92 00007f3b98017310
0x00007f3b88d6ed40:   00007f3b98026be0 00007f3b98055d90
0x00007f3b88d6ed50:   00007f3b98143f00 00007f3b9802a800
0x00007f3b88d6ed60:   0000000000000000 00007f3b9efd0188
0x00007f3b88d6ed70:   00007f3b88d6eda0 00007f3b9e99e139
0x00007f3b88d6ed80:   0000000000000004 00007f3b9e99e101
0x00007f3b88d6ed90:   0000000000000001 00007f3b98055d90
0x00007f3b88d6eda0:   00007f3b88d6eeb0 00007f3b9e5d6666
0x00007f3b88d6edb0:   00000000000003d8 00007f3b9802b040
0x00007f3b88d6edc0:   00007f3b9802b468 00007f3b9802b090 

Instructions: (pc=0x00007f3b9e99a7d2)
0x00007f3b9e99a7b2:   ff ff 0f 1f 40 00 4c 8d 15 e1 15 61 00 8b 46 08
0x00007f3b9e99a7c2:   48 89 f3 49 89 fc 41 8b 4a 08 48 d3 e0 49 03 02
0x00007f3b9e99a7d2:   8b 48 08 83 f9 00 0f 8f 92 fd ff ff 0f 84 0c fe
0x00007f3b9e99a7e2:   ff ff 80 fa 01 48 8d 15 fe 94 5f 00 48 19 c0 83 

Register to memory mapping:

RAX=0x0000000003200378 is an unknown value
RBX=0x00000000e4d48110 is an oop

[error occurred during error reporting (printing register info), id 0xb]

Stack: [0x00007f3b88c70000,0x00007f3b88d70000],  sp=0x00007f3b88d6ebd0,  free space=1018k
Native frames: (J=compiled Java code, j=interpreted, Vv=VM code, C=native code)
V  [libjvm.so+0x9877d2]  oopDesc* PSPromotionManager::copy_to_survivor_space<false>(oopDesc*)+0x3b2
V  [libjvm.so+0x987048]  PSPromotionManager::drain_stacks_depth(bool)+0x768
V  [libjvm.so+0x3d139e]  CardTableExtension::scavenge_contents_parallel(ObjectStartArray*, MutableSpace*, HeapWord*, PSPromotionManager*, unsigned int, unsigned int)+0x88e
V  [libjvm.so+0x98b139]  OldToYoungRootsTask::do_it(GCTaskManager*, unsigned int)+0x49
V  [libjvm.so+0x5c3666]  GCTaskThread::run()+0x1b6
V  [libjvm.so+0x90d922]  java_start(Thread*)+0x102


---------------  P R O C E S S  ---------------

Java Threads: ( => current thread )
  0x00007f3b10001000 JavaThread "CBM_DB connection adder" daemon [_thread_blocked, id=15096, stack(0x00007f3b179fe000,0x00007f3b17aff000)]
  0x00007f3b9841a000 JavaThread "CBM_DB housekeeper" daemon [_thread_blocked, id=15095, stack(0x00007f3b17eff000,0x00007f3b18000000)]
  0x00007f3b98d89000 JavaThread "Abandoned connection cleanup thread" daemon [_thread_blocked, id=15092, stack(0x00007f3b580fe000,0x00007f3b581ff000)]
  0x00007f3b98d78800 JavaThread "container-0" [_thread_blocked, id=15091, stack(0x00007f3b700a4000,0x00007f3b701a5000)]
  0x00007f3b98d6c800 JavaThread "Catalina-utility-1" [_thread_blocked, id=15090, stack(0x00007f3b70640000,0x00007f3b70741000)]
  0x00007f3b40003000 JavaThread "RMI TCP Connection(3)-127.0.0.1" daemon [_thread_in_native, id=15086, stack(0x00007f3b70d6b000,0x00007f3b70e6c000)]
  0x00007f3b40001800 JavaThread "RMI TCP Connection(4)-127.0.0.1" daemon [_thread_in_native, id=15067, stack(0x00007f3b70967000,0x00007f3b70a68000)]
  0x00007f3b34007800 JavaThread "RMI Scheduler(0)" daemon [_thread_blocked, id=15065, stack(0x00007f3b70a68000,0x00007f3b70b69000)]
  0x00007f3b5c001000 JavaThread "Attach Listener" daemon [_thread_blocked, id=15064, stack(0x00007f3b70b69000,0x00007f3b70c6a000)]
  0x00007f3b44001800 JavaThread "RMI TCP Connection(1)-127.0.0.1" daemon [_thread_in_native, id=15063, stack(0x00007f3b70c6a000,0x00007f3b70d6b000)]
  0x00007f3b9862b000 JavaThread "RMI TCP Accept-0" daemon [_thread_in_native, id=15059, stack(0x00007f3b7116d000,0x00007f3b7126e000)]
  0x00007f3b9861f000 JavaThread "RMI TCP Accept-37913" daemon [_thread_in_native, id=15058, stack(0x00007f3b7126e000,0x00007f3b7136f000)]
  0x00007f3b9860a800 JavaThread "RMI TCP Accept-0" daemon [_thread_in_native, id=15057, stack(0x00007f3b7136f000,0x00007f3b71470000)]
  0x00007f3b98541000 JavaThread "Service Thread" daemon [_thread_blocked, id=15056, stack(0x00007f3b71890000,0x00007f3b71991000)]
  0x00007f3b9853c000 JavaThread "C1 CompilerThread2" daemon [_thread_blocked, id=15055, stack(0x00007f3b71992000,0x00007f3b71a92000)]
  0x00007f3b9853a000 JavaThread "C2 CompilerThread1" daemon [_thread_blocked, id=15054, stack(0x00007f3b71cab000,0x00007f3b71dab000)]
  0x00007f3b98538000 JavaThread "C2 CompilerThread0" daemon [_thread_blocked, id=15053, stack(0x00007f3b71dac000,0x00007f3b71eac000)]
  0x00007f3b98535800 JavaThread "Monitor Ctrl-Break" daemon [_thread_in_native, id=15052, stack(0x00007f3b71eac000,0x00007f3b71fad000)]
  0x00007f3b98185800 JavaThread "Signal Dispatcher" daemon [_thread_blocked, id=15048, stack(0x00007f3b722a3000,0x00007f3b723a4000)]
  0x00007f3b98153000 JavaThread "Finalizer" daemon [_thread_blocked, id=15043, stack(0x00007f3b72d73000,0x00007f3b72e74000)]
  0x00007f3b98150800 JavaThread "Reference Handler" daemon [_thread_blocked, id=15042, stack(0x00007f3b72e74000,0x00007f3b72f75000)]
  0x00007f3b98011800 JavaThread "main" [_thread_blocked, id=15030, stack(0x00007f3b9fb38000,0x00007f3b9fc38000)]

Other Threads:
  0x00007f3b98146800 VMThread [stack: 0x00007f3b72f76000,0x00007f3b73076000] [id=15040]
  0x00007f3b9862d800 WatcherThread [stack: 0x00007f3b7106d000,0x00007f3b7116d000] [id=15060]

=>0x00007f3b9802a800 (exited) GCTaskThread [stack: 0x00007f3b88c70000,0x00007f3b88d70000] [id=15035]

VM state:at safepoint (normal execution)

VM Mutex/Monitor currently owned by a thread:  ([mutex/lock_event])
[0x00007f3b9800dee0] Threads_lock - owner thread: 0x00007f3b98146800
[0x00007f3b9800e3e0] Heap_lock - owner thread: 0x00007f3b98011800

heap address: 0x0000000085000000, size: 1968 MB, Compressed Oops mode: 32-bit
Narrow klass base: 0x0000000000000000, Narrow klass shift: 3
Compressed class space size: 1073741824 Address: 0x0000000100000000

Heap:
 PSYoungGen      total 219648K, used 219426K [0x00000000d7000000, 0x00000000e5d00000, 0x0000000100000000)
  eden space 202752K, 100% used [0x00000000d7000000,0x00000000e3600000,0x00000000e3600000)
  from space 16896K, 98% used [0x00000000e4c80000,0x00000000e5cc8bd8,0x00000000e5d00000)
  to   space 18944K, 55% used [0x00000000e3800000,0x00000000e4242060,0x00000000e4a80000)
 ParOldGen       total 92160K, used 23618K [0x0000000085000000, 0x000000008aa00000, 0x00000000d7000000)
  object space 92160K, 25% used [0x0000000085000000,0x0000000086710a58,0x000000008aa00000)
 Metaspace       used 53575K, capacity 56256K, committed 56576K, reserved 1097728K
  class space    used 7594K, capacity 8086K, committed 8192K, reserved 1048576K

Card table byte_map: [0x00007f3b9c22d000,0x00007f3b9c606000] byte_map_base: 0x00007f3b9be05000

Marking Bits: (ParMarkBitMap*) 0x00007f3b9efded80
 Begin Bits: [0x00007f3b74280000, 0x00007f3b76140000)
 End Bits:   [0x00007f3b76140000, 0x00007f3b78000000)

Polling page: 0x00007f3b9fc4c000

CodeCache: size=245760Kb used=9729Kb max_used=9802Kb free=236030Kb
 bounds [0x00007f3b89000000, 0x00007f3b899a0000, 0x00007f3b98000000]
 total_blobs=5453 nmethods=4929 adapters=436
 compilation: enabled

Compilation events (10 events):
Event: 7.451 Thread 0x00007f3b9853c000 4954       1       java.io.ObjectStreamClass::getSuperDesc (9 bytes)
Event: 7.452 Thread 0x00007f3b9853c000 nmethod 4954 0x00007f3b89992250 code [0x00007f3b899923c0, 0x00007f3b89992588]
Event: 7.453 Thread 0x00007f3b9853c000 4955       1       sun.reflect.generics.scope.MethodScope::computeEnclosingScope (8 bytes)
Event: 7.453 Thread 0x00007f3b9853c000 nmethod 4955 0x00007f3b89992650 code [0x00007f3b899927c0, 0x00007f3b89992970]
Event: 7.454 Thread 0x00007f3b9853c000 4956       1       sun.reflect.generics.scope.MethodScope::getEnclosingClass (11 bytes)
Event: 7.454 Thread 0x00007f3b9853c000 nmethod 4956 0x00007f3b89121790 code [0x00007f3b891218e0, 0x00007f3b89121a30]
Event: 7.454 Thread 0x00007f3b9853c000 4957       1       java.io.ObjectOutputStream::writeLong (9 bytes)
Event: 7.454 Thread 0x00007f3b9853c000 nmethod 4957 0x00007f3b8919fb90 code [0x00007f3b8919fd00, 0x00007f3b8919fe48]
Event: 7.454 Thread 0x00007f3b9853c000 4958       1       java.io.ObjectOutputStream$BlockDataOutputStream::writeLong (48 bytes)
Event: 7.454 Thread 0x00007f3b9853c000 nmethod 4958 0x00007f3b89243e10 code [0x00007f3b89243f80, 0x00007f3b89244118]

GC Heap History (10 events):
Event: 3.035 GC heap after
Heap after GC invocations=8 (full 1):
 PSYoungGen      total 131584K, used 8174K [0x00000000d7000000, 0x00000000e2380000, 0x0000000100000000)
  eden space 123392K, 0% used [0x00000000d7000000,0x00000000d7000000,0x00000000de880000)
  from space 8192K, 99% used [0x00000000de880000,0x00000000df07bb30,0x00000000df080000)
  to   space 10752K, 0% used [0x00000000e1900000,0x00000000e1900000,0x00000000e2380000)
 ParOldGen       total 50688K, used 8786K [0x0000000085000000, 0x0000000088180000, 0x00000000d7000000)
  object space 50688K, 17% used [0x0000000085000000,0x00000000858948a8,0x0000000088180000)
 Metaspace       used 25954K, capacity 26980K, committed 27136K, reserved 1073152K
  class space    used 3537K, capacity 3781K, committed 3840K, reserved 1048576K
}
Event: 4.244 GC heap before
{Heap before GC invocations=9 (full 1):
 PSYoungGen      total 131584K, used 131519K [0x00000000d7000000, 0x00000000e2380000, 0x0000000100000000)
  eden space 123392K, 99% used [0x00000000d7000000,0x00000000de874268,0x00000000de880000)
  from space 8192K, 99% used [0x00000000de880000,0x00000000df07bb30,0x00000000df080000)
  to   space 10752K, 0% used [0x00000000e1900000,0x00000000e1900000,0x00000000e2380000)
 ParOldGen       total 50688K, used 8786K [0x0000000085000000, 0x0000000088180000, 0x00000000d7000000)
  object space 50688K, 17% used [0x0000000085000000,0x00000000858948a8,0x0000000088180000)
 Metaspace       used 30812K, capacity 32278K, committed 32384K, reserved 1077248K
  class space    used 4186K, capacity 4470K, committed 4480K, reserved 1048576K
Event: 4.268 GC heap after
Heap after GC invocations=9 (full 1):
 PSYoungGen      total 168960K, used 10721K [0x00000000d7000000, 0x00000000e4700000, 0x0000000100000000)
  eden space 158208K, 0% used [0x00000000d7000000,0x00000000d7000000,0x00000000e0a80000)
  from space 10752K, 99% used [0x00000000e1900000,0x00000000e2378720,0x00000000e2380000)
  to   space 14848K, 0% used [0x00000000e0a80000,0x00000000e0a80000,0x00000000e1900000)
 ParOldGen       total 50688K, used 14767K [0x0000000085000000, 0x0000000088180000, 0x00000000d7000000)
  object space 50688K, 29% used [0x0000000085000000,0x0000000085e6be38,0x0000000088180000)
 Metaspace       used 30812K, capacity 32278K, committed 32384K, reserved 1077248K
  class space    used 4186K, capacity 4470K, committed 4480K, reserved 1048576K
}
Event: 4.934 GC heap before
{Heap before GC invocations=10 (full 1):
 PSYoungGen      total 168960K, used 109145K [0x00000000d7000000, 0x00000000e4700000, 0x0000000100000000)
  eden space 158208K, 62% used [0x00000000d7000000,0x00000000dd01df60,0x00000000e0a80000)
  from space 10752K, 99% used [0x00000000e1900000,0x00000000e2378720,0x00000000e2380000)
  to   space 14848K, 0% used [0x00000000e0a80000,0x00000000e0a80000,0x00000000e1900000)
 ParOldGen       total 50688K, used 14767K [0x0000000085000000, 0x0000000088180000, 0x00000000d7000000)
  object space 50688K, 29% used [0x0000000085000000,0x0000000085e6be38,0x0000000088180000)
 Metaspace       used 33724K, capacity 35408K, committed 35496K, reserved 1079296K
  class space    used 4524K, capacity 4859K, committed 4864K, reserved 1048576K
Event: 4.952 GC heap after
Heap after GC invocations=10 (full 1):
 PSYoungGen      total 173056K, used 14584K [0x00000000d7000000, 0x00000000e5d00000, 0x0000000100000000)
  eden space 158208K, 0% used [0x00000000d7000000,0x00000000d7000000,0x00000000e0a80000)
  from space 14848K, 98% used [0x00000000e0a80000,0x00000000e18be2f0,0x00000000e1900000)
  to   space 16896K, 0% used [0x00000000e4c80000,0x00000000e4c80000,0x00000000e5d00000)
 ParOldGen       total 50688K, used 16279K [0x0000000085000000, 0x0000000088180000, 0x00000000d7000000)
  object space 50688K, 32% used [0x0000000085000000,0x0000000085fe5ce8,0x0000000088180000)
 Metaspace       used 33724K, capacity 35408K, committed 35496K, reserved 1079296K
  class space    used 4524K, capacity 4859K, committed 4864K, reserved 1048576K
}
Event: 4.952 GC heap before
{Heap before GC invocations=11 (full 2):
 PSYoungGen      total 173056K, used 14584K [0x00000000d7000000, 0x00000000e5d00000, 0x0000000100000000)
  eden space 158208K, 0% used [0x00000000d7000000,0x00000000d7000000,0x00000000e0a80000)
  from space 14848K, 98% used [0x00000000e0a80000,0x00000000e18be2f0,0x00000000e1900000)
  to   space 16896K, 0% used [0x00000000e4c80000,0x00000000e4c80000,0x00000000e5d00000)
 ParOldGen       total 50688K, used 16279K [0x0000000085000000, 0x0000000088180000, 0x00000000d7000000)
  object space 50688K, 32% used [0x0000000085000000,0x0000000085fe5ce8,0x0000000088180000)
 Metaspace       used 33724K, capacity 35408K, committed 35496K, reserved 1079296K
  class space    used 4524K, capacity 4859K, committed 4864K, reserved 1048576K
Event: 5.056 GC heap after
Heap after GC invocations=11 (full 2):
 PSYoungGen      total 173056K, used 0K [0x00000000d7000000, 0x00000000e5d00000, 0x0000000100000000)
  eden space 158208K, 0% used [0x00000000d7000000,0x00000000d7000000,0x00000000e0a80000)
  from space 14848K, 0% used [0x00000000e0a80000,0x00000000e0a80000,0x00000000e1900000)
  to   space 16896K, 0% used [0x00000000e4c80000,0x00000000e4c80000,0x00000000e5d00000)
 ParOldGen       total 92160K, used 23610K [0x0000000085000000, 0x000000008aa00000, 0x00000000d7000000)
  object space 92160K, 25% used [0x0000000085000000,0x000000008670ea58,0x000000008aa00000)
 Metaspace       used 33724K, capacity 35408K, committed 35496K, reserved 1079296K
  class space    used 4524K, capacity 4859K, committed 4864K, reserved 1048576K
}
Event: 6.397 GC heap before
{Heap before GC invocations=12 (full 2):
 PSYoungGen      total 173056K, used 158208K [0x00000000d7000000, 0x00000000e5d00000, 0x0000000100000000)
  eden space 158208K, 100% used [0x00000000d7000000,0x00000000e0a80000,0x00000000e0a80000)
  from space 14848K, 0% used [0x00000000e0a80000,0x00000000e0a80000,0x00000000e1900000)
  to   space 16896K, 0% used [0x00000000e4c80000,0x00000000e4c80000,0x00000000e5d00000)
 ParOldGen       total 92160K, used 23610K [0x0000000085000000, 0x000000008aa00000, 0x00000000d7000000)
  object space 92160K, 25% used [0x0000000085000000,0x000000008670ea58,0x000000008aa00000)
 Metaspace       used 47573K, capacity 49438K, committed 49920K, reserved 1091584K
  class space    used 6674K, capacity 7048K, committed 7168K, reserved 1048576K
Event: 6.412 GC heap after
Heap after GC invocations=12 (full 2):
 PSYoungGen      total 219648K, used 16674K [0x00000000d7000000, 0x00000000e5d00000, 0x0000000100000000)
  eden space 202752K, 0% used [0x00000000d7000000,0x00000000d7000000,0x00000000e3600000)
  from space 16896K, 98% used [0x00000000e4c80000,0x00000000e5cc8bd8,0x00000000e5d00000)
  to   space 18944K, 0% used [0x00000000e3800000,0x00000000e3800000,0x00000000e4a80000)
 ParOldGen       total 92160K, used 23618K [0x0000000085000000, 0x000000008aa00000, 0x00000000d7000000)
  object space 92160K, 25% used [0x0000000085000000,0x0000000086710a58,0x000000008aa00000)
 Metaspace       used 47573K, capacity 49438K, committed 49920K, reserved 1091584K
  class space    used 6674K, capacity 7048K, committed 7168K, reserved 1048576K
}
Event: 7.457 GC heap before
{Heap before GC invocations=13 (full 2):
 PSYoungGen      total 219648K, used 219426K [0x00000000d7000000, 0x00000000e5d00000, 0x0000000100000000)
  eden space 202752K, 100% used [0x00000000d7000000,0x00000000e3600000,0x00000000e3600000)
  from space 16896K, 98% used [0x00000000e4c80000,0x00000000e5cc8bd8,0x00000000e5d00000)
  to   space 18944K, 0% used [0x00000000e3800000,0x00000000e3800000,0x00000000e4a80000)
 ParOldGen       total 92160K, used 23618K [0x0000000085000000, 0x000000008aa00000, 0x00000000d7000000)
  object space 92160K, 25% used [0x0000000085000000,0x0000000086710a58,0x000000008aa00000)
 Metaspace       used 53575K, capacity 56256K, committed 56576K, reserved 1097728K
  class space    used 7594K, capacity 8086K, committed 8192K, reserved 1048576K

Deoptimization events (0 events):
No events

Classes redefined (0 events):
No events

Internal exceptions (10 events):
Event: 7.453 Thread 0x00007f3b98011800 Exception <a 'java/lang/ArrayIndexOutOfBoundsException'> (0x00000000e34a36d0) thrown at [/HUDSON/workspace/8-2-build-linux-amd64/jdk8u201/12317/hotspot/src/share/vm/runtime/sharedRuntime.cpp, line 605]
Event: 7.453 Thread 0x00007f3b98011800 Exception <a 'java/lang/ArrayIndexOutOfBoundsException'> (0x00000000e34a5360) thrown at [/HUDSON/workspace/8-2-build-linux-amd64/jdk8u201/12317/hotspot/src/share/vm/runtime/sharedRuntime.cpp, line 605]
Event: 7.453 Thread 0x00007f3b98011800 Exception <a 'java/lang/ArrayIndexOutOfBoundsException'> (0x00000000e34a6fe0) thrown at [/HUDSON/workspace/8-2-build-linux-amd64/jdk8u201/12317/hotspot/src/share/vm/runtime/sharedRuntime.cpp, line 605]
Event: 7.453 Thread 0x00007f3b98011800 Exception <a 'java/lang/ArrayIndexOutOfBoundsException'> (0x00000000e34a8c60) thrown at [/HUDSON/workspace/8-2-build-linux-amd64/jdk8u201/12317/hotspot/src/share/vm/runtime/sharedRuntime.cpp, line 605]
Event: 7.454 Thread 0x00007f3b98011800 Exception <a 'java/lang/ArrayIndexOutOfBoundsException'> (0x00000000e34c0f98) thrown at [/HUDSON/workspace/8-2-build-linux-amd64/jdk8u201/12317/hotspot/src/share/vm/runtime/sharedRuntime.cpp, line 605]
Event: 7.454 Thread 0x00007f3b98011800 Exception <a 'java/lang/ArrayIndexOutOfBoundsException'> (0x00000000e34c2d10) thrown at [/HUDSON/workspace/8-2-build-linux-amd64/jdk8u201/12317/hotspot/src/share/vm/runtime/sharedRuntime.cpp, line 605]
Event: 7.454 Thread 0x00007f3b98011800 Exception <a 'java/lang/ArrayIndexOutOfBoundsException'> (0x00000000e34c4840) thrown at [/HUDSON/workspace/8-2-build-linux-amd64/jdk8u201/12317/hotspot/src/share/vm/runtime/sharedRuntime.cpp, line 605]
Event: 7.455 Thread 0x00007f3b98011800 Exception <a 'java/lang/ClassNotFoundException': java/lang/ObjectCustomizer> (0x00000000e34d3678) thrown at [/HUDSON/workspace/8-2-build-linux-amd64/jdk8u201/12317/hotspot/src/share/vm/classfile/systemDictionary.cpp, line 210]
Event: 7.456 Thread 0x00007f3b98011800 Exception <a 'java/lang/ClassNotFoundException': org/springframework/boot/autoconfigure/http/JacksonHttpMessageConvertersConfiguration$MappingJackson2HttpMessageConverterConfigurationCustomizer> (0x00000000e35aeb20) thrown at [/HUDSON/workspace/8-2-build-
Event: 7.456 Thread 0x00007f3b98011800 Exception <a 'java/lang/ClassNotFoundException': org/springframework/boot/autoconfigure/http/JacksonHttpMessageConvertersConfiguration$MappingJackson2HttpMessageConverterConfiguration$$EnhancerBySpringCGLIB$$2094aa48Customizer> (0x00000000e35e8bd8) thrown

Events (10 events):
Event: 7.456 loading class org/springframework/boot/autoconfigure/http/JacksonHttpMessageConvertersConfiguration$MappingJackson2HttpMessageConverterConfigurationCustomizer done
Event: 7.456 loading class org/springframework/boot/autoconfigure/http/JacksonHttpMessageConvertersConfiguration$MappingJackson2HttpMessageConverterConfiguration$$EnhancerBySpringCGLIB$$2094aa48Customizer
Event: 7.456 loading class org/springframework/boot/autoconfigure/http/JacksonHttpMessageConvertersConfiguration$MappingJackson2HttpMessageConverterConfiguration$$EnhancerBySpringCGLIB$$2094aa48Customizer done
Event: 7.456 loading class org/springframework/boot/autoconfigure/http/JacksonHttpMessageConvertersConfiguration$MappingJackson2HttpMessageConverterConfiguration$$EnhancerBySpringCGLIB$$2094aa48Customizer
Event: 7.456 loading class org/springframework/boot/autoconfigure/http/JacksonHttpMessageConvertersConfiguration$MappingJackson2HttpMessageConverterConfiguration$$EnhancerBySpringCGLIB$$2094aa48Customizer done
Event: 7.456 loading class org/springframework/boot/autoconfigure/http/JacksonHttpMessageConvertersConfiguration$MappingJackson2HttpMessageConverterConfiguration$$EnhancerBySpringCGLIB$$2094aa48Customizer
Event: 7.456 loading class org/springframework/boot/autoconfigure/http/JacksonHttpMessageConvertersConfiguration$MappingJackson2HttpMessageConverterConfiguration$$EnhancerBySpringCGLIB$$2094aa48Customizer done
Event: 7.457 loading class org/springframework/context/annotation/ConfigurationClassEnhancer$EnhancedConfigurationCustomizer
Event: 7.457 loading class org/springframework/context/annotation/ConfigurationClassEnhancer$EnhancedConfigurationCustomizer done
Event: 7.457 Executing VM operation: ParallelGCFailedAllocation


Dynamic libraries:
00400000-00401000 r-xp 00000000 08:06 3410270                            /home/acer/.sdkman/candidates/java/8.0.201-oracle/bin/java
00600000-00601000 r--p 00000000 08:06 3410270                            /home/acer/.sdkman/candidates/java/8.0.201-oracle/bin/java
00601000-00602000 rw-p 00001000 08:06 3410270                            /home/acer/.sdkman/candidates/java/8.0.201-oracle/bin/java
0092a000-0094b000 rw-p 00000000 00:00 0                                  [heap]
85000000-8aa00000 rw-p 00000000 00:00 0 
8aa00000-d7000000 ---p 00000000 00:00 0 
d7000000-e5d00000 rw-p 00000000 00:00 0 
e5d00000-100000000 ---p 00000000 00:00 0 
100000000-100800000 rw-p 00000000 00:00 0 
100800000-140000000 ---p 00000000 00:00 0 
7f3b08000000-7f3b08021000 rw-p 00000000 00:00 0 
7f3b08021000-7f3b0c000000 ---p 00000000 00:00 0 
7f3b0c000000-7f3b0c021000 rw-p 00000000 00:00 0 
7f3b0c021000-7f3b10000000 ---p 00000000 00:00 0 
7f3b10000000-7f3b10021000 rw-p 00000000 00:00 0 
7f3b10021000-7f3b14000000 ---p 00000000 00:00 0 
7f3b16afd000-7f3b16c3d000 rw-p 00000000 00:00 0 
7f3b16c3d000-7f3b16cfd000 ---p 00000000 00:00 0 
7f3b16cfd000-7f3b16efd000 rw-p 00000000 00:00 0 
7f3b16efd000-7f3b170fd000 rw-p 00000000 00:00 0 
7f3b170fd000-7f3b172fd000 rw-p 00000000 00:00 0 
7f3b172fd000-7f3b174fd000 rw-p 00000000 00:00 0 
7f3b174fd000-7f3b176fd000 rw-p 00000000 00:00 0 
7f3b176fd000-7f3b17700000 ---p 00000000 00:00 0 
7f3b17700000-7f3b179fe000 rw-p 00000000 00:00 0 
7f3b179fe000-7f3b17a01000 ---p 00000000 00:00 0 
7f3b17a01000-7f3b17cff000 rw-p 00000000 00:00 0 
7f3b17cff000-7f3b17eff000 rw-p 00000000 00:00 0 
7f3b17eff000-7f3b17f02000 ---p 00000000 00:00 0 
7f3b17f02000-7f3b18000000 rw-p 00000000 00:00 0 
7f3b18000000-7f3b18021000 rw-p 00000000 00:00 0 
7f3b18021000-7f3b1c000000 ---p 00000000 00:00 0 
7f3b1c000000-7f3b1c021000 rw-p 00000000 00:00 0 
7f3b1c021000-7f3b20000000 ---p 00000000 00:00 0 
7f3b20000000-7f3b20021000 rw-p 00000000 00:00 0 
7f3b20021000-7f3b24000000 ---p 00000000 00:00 0 
7f3b24000000-7f3b24075000 rw-p 00000000 00:00 0 
7f3b24075000-7f3b28000000 ---p 00000000 00:00 0 
7f3b28000000-7f3b28021000 rw-p 00000000 00:00 0 
7f3b28021000-7f3b2c000000 ---p 00000000 00:00 0 
7f3b2c000000-7f3b2c021000 rw-p 00000000 00:00 0 
7f3b2c021000-7f3b30000000 ---p 00000000 00:00 0 
7f3b30000000-7f3b30357000 rw-p 00000000 00:00 0 
7f3b30357000-7f3b34000000 ---p 00000000 00:00 0 
7f3b34000000-7f3b34021000 rw-p 00000000 00:00 0 
7f3b34021000-7f3b38000000 ---p 00000000 00:00 0 
7f3b38000000-7f3b38021000 rw-p 00000000 00:00 0 
7f3b38021000-7f3b3c000000 ---p 00000000 00:00 0 
7f3b3c000000-7f3b3c021000 rw-p 00000000 00:00 0 
7f3b3c021000-7f3b40000000 ---p 00000000 00:00 0 
7f3b40000000-7f3b40021000 rw-p 00000000 00:00 0 
7f3b40021000-7f3b44000000 ---p 00000000 00:00 0 
7f3b44000000-7f3b44021000 rw-p 00000000 00:00 0 
7f3b44021000-7f3b48000000 ---p 00000000 00:00 0 
7f3b48000000-7f3b48021000 rw-p 00000000 00:00 0 
7f3b48021000-7f3b4c000000 ---p 00000000 00:00 0 
7f3b4c000000-7f3b4c6ec000 rw-p 00000000 00:00 0 
7f3b4c6ec000-7f3b50000000 ---p 00000000 00:00 0 
7f3b50000000-7f3b50021000 rw-p 00000000 00:00 0 
7f3b50021000-7f3b54000000 ---p 00000000 00:00 0 
7f3b54000000-7f3b5404e000 rw-p 00000000 00:00 0 
7f3b5404e000-7f3b58000000 ---p 00000000 00:00 0 
7f3b580fe000-7f3b58101000 ---p 00000000 00:00 0 
7f3b58101000-7f3b583ff000 rw-p 00000000 00:00 0 
7f3b583ff000-7f3b585ff000 rw-p 00000000 00:00 0 
7f3b585ff000-7f3b587ff000 rw-p 00000000 00:00 0 
7f3b587ff000-7f3b589ff000 rw-p 00000000 00:00 0 
7f3b589ff000-7f3b58bff000 rw-p 00000000 00:00 0 
7f3b58bff000-7f3b58dff000 rw-p 00000000 00:00 0 
7f3b58dff000-7f3b58fff000 rw-p 00000000 00:00 0 
7f3b58fff000-7f3b5c000000 rw-p 00000000 00:00 0 
7f3b5c000000-7f3b5c021000 rw-p 00000000 00:00 0 
7f3b5c021000-7f3b60000000 ---p 00000000 00:00 0 
7f3b60000000-7f3b60021000 rw-p 00000000 00:00 0 
7f3b60021000-7f3b64000000 ---p 00000000 00:00 0 
7f3b64000000-7f3b64021000 rw-p 00000000 00:00 0 
7f3b64021000-7f3b68000000 ---p 00000000 00:00 0 
7f3b68000000-7f3b68021000 rw-p 00000000 00:00 0 
7f3b68021000-7f3b6c000000 ---p 00000000 00:00 0 
7f3b6c000000-7f3b6c021000 rw-p 00000000 00:00 0 
7f3b6c021000-7f3b70000000 ---p 00000000 00:00 0 
7f3b700a4000-7f3b700a7000 ---p 00000000 00:00 0 
7f3b700a7000-7f3b701a5000 rw-p 00000000 00:00 0 
7f3b701a5000-7f3b701aa000 r--s 002f9000 08:06 3410606                    /home/acer/.sdkman/candidates/java/8.0.201-oracle/jre/lib/charsets.jar
7f3b701aa000-7f3b703aa000 rw-p 00000000 00:00 0 
7f3b703aa000-7f3b705aa000 rw-p 00000000 00:00 0 
7f3b705aa000-7f3b70640000 r--s 0110e000 08:06 3410429                    /home/acer/.sdkman/candidates/java/8.0.201-oracle/jre/lib/ext/jfxrt.jar
7f3b70640000-7f3b70643000 ---p 00000000 00:00 0 
7f3b70643000-7f3b70941000 rw-p 00000000 00:00 0 
7f3b70941000-7f3b7095d000 r--s 00393000 08:06 3410430                    /home/acer/.sdkman/candidates/java/8.0.201-oracle/jre/lib/ext/cldrdata.jar
7f3b7095d000-7f3b70967000 r--s 00116000 08:06 3410427                    /home/acer/.sdkman/candidates/java/8.0.201-oracle/jre/lib/ext/localedata.jar
7f3b70967000-7f3b7096a000 ---p 00000000 00:00 0 
7f3b7096a000-7f3b70a68000 rw-p 00000000 00:00 0 
7f3b70a68000-7f3b70a6b000 ---p 00000000 00:00 0 
7f3b70a6b000-7f3b70b69000 rw-p 00000000 00:00 0 
7f3b70b69000-7f3b70b6c000 ---p 00000000 00:00 0 
7f3b70b6c000-7f3b70c6a000 rw-p 00000000 00:00 0 
7f3b70c6a000-7f3b70c6d000 ---p 00000000 00:00 0 
7f3b70c6d000-7f3b70d6b000 rw-p 00000000 00:00 0 
7f3b70d6b000-7f3b70d6e000 ---p 00000000 00:00 0 
7f3b70d6e000-7f3b7106c000 rw-p 00000000 00:00 0 
7f3b7106c000-7f3b7106d000 ---p 00000000 00:00 0 
7f3b7106d000-7f3b7116d000 rw-p 00000000 00:00 0 
7f3b7116d000-7f3b71170000 ---p 00000000 00:00 0 
7f3b71170000-7f3b7126e000 rw-p 00000000 00:00 0 
7f3b7126e000-7f3b71271000 ---p 00000000 00:00 0 
7f3b71271000-7f3b7136f000 rw-p 00000000 00:00 0 
7f3b7136f000-7f3b71372000 ---p 00000000 00:00 0 
7f3b71372000-7f3b71470000 rw-p 00000000 00:00 0 
7f3b71470000-7f3b71474000 r--s 000a1000 08:06 3410608                    /home/acer/.sdkman/candidates/java/8.0.201-oracle/jre/lib/jsse.jar
7f3b71474000-7f3b71485000 r-xp 00000000 08:06 3410548                    /home/acer/.sdkman/candidates/java/8.0.201-oracle/jre/lib/amd64/libnio.so
7f3b71485000-7f3b71684000 ---p 00011000 08:06 3410548                    /home/acer/.sdkman/candidates/java/8.0.201-oracle/jre/lib/amd64/libnio.so
7f3b71684000-7f3b71685000 r--p 00010000 08:06 3410548                    /home/acer/.sdkman/candidates/java/8.0.201-oracle/jre/lib/amd64/libnio.so
7f3b71685000-7f3b71686000 rw-p 00011000 08:06 3410548                    /home/acer/.sdkman/candidates/java/8.0.201-oracle/jre/lib/amd64/libnio.so
7f3b71686000-7f3b7168f000 r-xp 00000000 08:06 3410544                    /home/acer/.sdkman/candidates/java/8.0.201-oracle/jre/lib/amd64/libmanagement.so
7f3b7168f000-7f3b7188e000 ---p 00009000 08:06 3410544                    /home/acer/.sdkman/candidates/java/8.0.201-oracle/jre/lib/amd64/libmanagement.so
7f3b7188e000-7f3b7188f000 r--p 00008000 08:06 3410544                    /home/acer/.sdkman/candidates/java/8.0.201-oracle/jre/lib/amd64/libmanagement.so
7f3b7188f000-7f3b71890000 rw-p 00009000 08:06 3410544                    /home/acer/.sdkman/candidates/java/8.0.201-oracle/jre/lib/amd64/libmanagement.so
7f3b71890000-7f3b71893000 ---p 00000000 00:00 0 
7f3b71893000-7f3b71991000 rw-p 00000000 00:00 0 
7f3b71991000-7f3b71992000 ---p 00000000 00:00 0 
7f3b71992000-7f3b71995000 ---p 00000000 00:00 0 
7f3b71995000-7f3b71a92000 rw-p 00000000 00:00 0 
7f3b71a92000-7f3b71aa8000 r-xp 00000000 08:06 3410568                    /home/acer/.sdkman/candidates/java/8.0.201-oracle/jre/lib/amd64/libnet.so
7f3b71aa8000-7f3b71ca8000 ---p 00016000 08:06 3410568                    /home/acer/.sdkman/candidates/java/8.0.201-oracle/jre/lib/amd64/libnet.so
7f3b71ca8000-7f3b71ca9000 r--p 00016000 08:06 3410568                    /home/acer/.sdkman/candidates/java/8.0.201-oracle/jre/lib/amd64/libnet.so
7f3b71ca9000-7f3b71caa000 rw-p 00017000 08:06 3410568                    /home/acer/.sdkman/candidates/java/8.0.201-oracle/jre/lib/amd64/libnet.so
7f3b71caa000-7f3b71cab000 ---p 00000000 00:00 0 
7f3b71cab000-7f3b71cae000 ---p 00000000 00:00 0 
7f3b71cae000-7f3b71dab000 rw-p 00000000 00:00 0 
7f3b71dab000-7f3b71dac000 ---p 00000000 00:00 0 
7f3b71dac000-7f3b71daf000 ---p 00000000 00:00 0 
7f3b71daf000-7f3b71eac000 rw-p 00000000 00:00 0 
7f3b71eac000-7f3b71eaf000 ---p 00000000 00:00 0 
7f3b71eaf000-7f3b71fad000 rw-p 00000000 00:00 0 
7f3b71fad000-7f3b71faf000 r--s 0001a000 08:06 3934913                    /home/acer/.programFiles/idea-IU-183.5153.38/lib/idea_rt.jar
7f3b71faf000-7f3b71fc6000 r--s 00296000 08:06 3539304                    /home/acer/.m2/repository/org/eclipse/jdt/ecj/3.15.0/ecj-3.15.0.jar
7f3b71fc6000-7f3b71fcf000 r--s 0008e000 08:06 3540255                    /home/acer/.m2/repository/org/apache/tomcat/embed/tomcat-embed-jasper/9.0.14/tomcat-embed-jasper-9.0.14.jar
7f3b71fcf000-7f3b71fd9000 r--s 0005c000 08:06 3540244                    /home/acer/.m2/repository/jstl/jstl/1.2/jstl-1.2.jar
7f3b71fd9000-7f3b71fe5000 r--s 0005e000 08:06 3540313                    /home/acer/.m2/repository/org/springframework/security/spring-security-core/5.1.3.RELEASE/spring-security-core-5.1.3.RELEASE.jar
7f3b71fe5000-7f3b71fe6000 r--s 00005000 08:06 3540168                    /home/acer/.m2/repository/org/springframework/spring-jcl/5.1.4.RELEASE/spring-jcl-5.1.4.RELEASE.jar
7f3b71fe6000-7f3b71fff000 r--s 00123000 08:06 3540253                    /home/acer/.m2/repository/org/springframework/spring-core/5.1.4.RELEASE/spring-core-5.1.4.RELEASE.jar
7f3b71fff000-7f3b72005000 r--s 0003b000 08:06 3540273                    /home/acer/.m2/repository/org/apache/tomcat/embed/tomcat-embed-websocket/9.0.14/tomcat-embed-websocket-9.0.14.jar
7f3b72005000-7f3b7200a000 r--s 00039000 08:06 3539301                    /home/acer/.m2/repository/org/apache/tomcat/embed/tomcat-embed-el/9.0.14/tomcat-embed-el-9.0.14.jar
7f3b7200a000-7f3b72034000 r--s 002f1000 08:06 3539298                    /home/acer/.m2/repository/org/apache/tomcat/embed/tomcat-embed-core/9.0.14/tomcat-embed-core-9.0.14.jar
7f3b72034000-7f3b72036000 r--s 00005000 08:06 3540211                    /home/acer/.m2/repository/javax/annotation/javax.annotation-api/1.3.2/javax.annotation-api-1.3.2.jar
7f3b72036000-7f3b72037000 r--s 00000000 08:06 3540179                    /home/acer/.m2/repository/org/springframework/boot/spring-boot-starter-tomcat/2.1.2.RELEASE/spring-boot-starter-tomcat-2.1.2.RELEASE.jar
7f3b72037000-7f3b7204e000 r--s 001f2000 08:06 3540143                    /home/acer/.m2/repository/mysql/mysql-connector-java/8.0.13/mysql-connector-java-8.0.13.jar
7f3b7204e000-7f3b7205d000 r--s 000b5000 08:06 3540200                    /home/acer/.m2/repository/org/springframework/spring-webmvc/5.1.4.RELEASE/spring-webmvc-5.1.4.RELEASE.jar
7f3b7205d000-7f3b72079000 r--s 00136000 08:06 3540271                    /home/acer/.m2/repository/org/springframework/spring-web/5.1.4.RELEASE/spring-web-5.1.4.RELEASE.jar
7f3b72079000-7f3b7207e000 r--s 00012000 08:06 3540265                    /home/acer/.m2/repository/javax/validation/validation-api/2.0.1.Final/validation-api-2.0.1.Final.jar
7f3b7207e000-7f3b7209b000 r--s 000fe000 08:06 3540263                    /home/acer/.m2/repository/org/hibernate/validator/hibernate-validator/6.0.14.Final/hibernate-validator-6.0.14.Final.jar
7f3b7209b000-7f3b7209d000 r--s 00001000 08:06 3540203                    /home/acer/.m2/repository/com/fasterxml/jackson/module/jackson-module-parameter-names/2.9.8/jackson-module-parameter-names-2.9.8.jar
7f3b7209d000-7f3b720a0000 r--s 00016000 08:06 3540146                    /home/acer/.m2/repository/com/fasterxml/jackson/datatype/jackson-datatype-jsr310/2.9.8/jackson-datatype-jsr310-2.9.8.jar
7f3b720a0000-7f3b720a2000 r--s 00007000 08:06 3540227                    /home/acer/.m2/repository/com/fasterxml/jackson/datatype/jackson-datatype-jdk8/2.9.8/jackson-datatype-jdk8-2.9.8.jar
7f3b720a2000-7f3b720a3000 r--s 00000000 08:06 3540198                    /home/acer/.m2/repository/org/springframework/boot/spring-boot-starter-json/2.1.2.RELEASE/spring-boot-starter-json-2.1.2.RELEASE.jar
7f3b720a3000-7f3b720a4000 r--s 00000000 08:06 3540249                    /home/acer/.m2/repository/org/springframework/boot/spring-boot-starter-web/2.1.2.RELEASE/spring-boot-starter-web-2.1.2.RELEASE.jar
7f3b720a4000-7f3b720a9000 r--s 00040000 08:06 3540258                    /home/acer/.m2/repository/org/springframework/spring-expression/5.1.4.RELEASE/spring-expression-5.1.4.RELEASE.jar
7f3b720a9000-7f3b720b8000 r--s 00075000 08:06 3540189                    /home/acer/.m2/repository/org/springframework/security/spring-security-web/5.1.3.RELEASE/spring-security-web-5.1.3.RELEASE.jar
7f3b720b8000-7f3b720c5000 r--s 000b2000 08:06 3540222                    /home/acer/.m2/repository/org/springframework/security/spring-security-config/5.1.3.RELEASE/spring-security-config-5.1.3.RELEASE.jar
7f3b720c5000-7f3b720cf000 r--s 00051000 08:06 3540315                    /home/acer/.m2/repository/org/springframework/spring-aop/5.1.4.RELEASE/spring-aop-5.1.4.RELEASE.jar
7f3b720cf000-7f3b720d6000 r--s 00043000 08:06 3540245                    /home/acer/.m2/repository/org/yaml/snakeyaml/1.23/snakeyaml-1.23.jar
7f3b720d6000-7f3b720d8000 r--s 00000000 08:06 3540241                    /home/acer/.m2/repository/org/slf4j/jul-to-slf4j/1.7.25/jul-to-slf4j-1.7.25.jar
7f3b720d8000-7f3b720de000 r--s 0003b000 08:06 3540238                    /home/acer/.m2/repository/org/apache/logging/log4j/log4j-api/2.11.1/log4j-api-2.11.1.jar
7f3b720de000-7f3b720e0000 r--s 00003000 08:06 3540187                    /home/acer/.m2/repository/org/apache/logging/log4j/log4j-to-slf4j/2.11.1/log4j-to-slf4j-2.11.1.jar
7f3b720e0000-7f3b720eb000 r--s 00069000 08:06 3540235                    /home/acer/.m2/repository/ch/qos/logback/logback-core/1.2.3/logback-core-1.2.3.jar
7f3b720eb000-7f3b720f1000 r--s 00041000 08:06 3540233                    /home/acer/.m2/repository/ch/qos/logback/logback-classic/1.2.3/logback-classic-1.2.3.jar
7f3b720f1000-7f3b720f2000 r--s 00000000 08:06 3540219                    /home/acer/.m2/repository/org/springframework/boot/spring-boot-starter-logging/2.1.2.RELEASE/spring-boot-starter-logging-2.1.2.RELEASE.jar
7f3b720f2000-7f3b72115000 r--s 00110000 08:06 3540283                    /home/acer/.m2/repository/org/springframework/boot/spring-boot-autoconfigure/2.1.2.RELEASE/spring-boot-autoconfigure-2.1.2.RELEASE.jar
7f3b72115000-7f3b7212a000 r--s 000d3000 08:06 3540277                    /home/acer/.m2/repository/org/springframework/boot/spring-boot/2.1.2.RELEASE/spring-boot-2.1.2.RELEASE.jar
7f3b7212a000-7f3b7212b000 r--s 00000000 08:06 3540275                    /home/acer/.m2/repository/org/springframework/boot/spring-boot-starter/2.1.2.RELEASE/spring-boot-starter-2.1.2.RELEASE.jar
7f3b7212b000-7f3b7212c000 r--s 00000000 08:06 3540223                    /home/acer/.m2/repository/org/springframework/boot/spring-boot-starter-security/2.1.2.RELEASE/spring-boot-starter-security-2.1.2.RELEASE.jar
7f3b7212c000-7f3b7212f000 r--s 0000e000 08:06 3540191                    /home/acer/.m2/repository/com/fasterxml/jackson/core/jackson-annotations/2.9.0/jackson-annotations-2.9.0.jar
7f3b7212f000-7f3b72133000 r--s 0004c000 08:06 3540248                    /home/acer/.m2/repository/com/fasterxml/jackson/core/jackson-core/2.9.8/jackson-core-2.9.8.jar
7f3b72133000-7f3b72145000 r--s 00137000 08:06 3540261                    /home/acer/.m2/repository/com/fasterxml/jackson/core/jackson-databind/2.9.8/jackson-databind-2.9.8.jar
7f3b72145000-7f3b72147000 r--s 00002000 08:06 3540196                    /home/acer/.m2/repository/org/atteo/evo-inflector/1.2.2/evo-inflector-1.2.2.jar
7f3b72147000-7f3b72148000 r--s 00004000 08:06 3540215                    /home/acer/.m2/repository/org/springframework/plugin/spring-plugin-core/1.2.0.RELEASE/spring-plugin-core-1.2.0.RELEASE.jar
7f3b72148000-7f3b7214d000 r--s 0002f000 08:06 3540209                    /home/acer/.m2/repository/org/springframework/hateoas/spring-hateoas/0.25.0.RELEASE/spring-hateoas-0.25.0.RELEASE.jar
7f3b7214d000-7f3b72152000 r--s 0001f000 08:06 3540205                    /home/acer/.m2/repository/org/springframework/data/spring-data-rest-core/3.1.4.RELEASE/spring-data-rest-core-3.1.4.RELEASE.jar
7f3b72152000-7f3b7215a000 r--s 0004c000 08:06 3540204                    /home/acer/.m2/repository/org/springframework/data/spring-data-rest-webmvc/3.1.4.RELEASE/spring-data-rest-webmvc-3.1.4.RELEASE.jar
7f3b7215a000-7f3b7215c000 r--s 0000a000 08:06 3540193                    /home/acer/.m2/repository/org/springframework/spring-aspects/5.1.4.RELEASE/spring-aspects-5.1.4.RELEASE.jar
7f3b7215c000-7f3b7215e000 r--s 00009000 08:06 3540291                    /home/acer/.m2/repository/org/slf4j/slf4j-api/1.7.25/slf4j-api-1.7.25.jar
7f3b7215e000-7f3b7216b000 r--s 00098000 08:06 3540317                    /home/acer/.m2/repository/org/springframework/spring-beans/5.1.4.RELEASE/spring-beans-5.1.4.RELEASE.jar
7f3b7216b000-7f3b72173000 r--s 00037000 08:06 3540207                    /home/acer/.m2/repository/org/springframework/spring-tx/5.1.4.RELEASE/spring-tx-5.1.4.RELEASE.jar
7f3b72173000-7f3b7218d000 r--s 000f3000 08:06 3540256                    /home/acer/.m2/repository/org/springframework/spring-context/5.1.4.RELEASE/spring-context-5.1.4.RELEASE.jar
7f3b7218d000-7f3b72191000 r--s 0002d000 08:06 3540142                    /home/acer/.m2/repository/org/springframework/spring-orm/5.1.4.RELEASE/spring-orm-5.1.4.RELEASE.jar
7f3b72191000-7f3b721a9000 r--s 00105000 08:06 3540141                    /home/acer/.m2/repository/org/springframework/data/spring-data-commons/2.1.4.RELEASE/spring-data-commons-2.1.4.RELEASE.jar
7f3b721a9000-7f3b721b1000 r--s 0004d000 08:06 3540167                    /home/acer/.m2/repository/org/springframework/data/spring-data-jpa/2.1.4.RELEASE/spring-data-jpa-2.1.4.RELEASE.jar
7f3b721b1000-7f3b721b4000 r--s 00010000 08:06 3540163                    /home/acer/.m2/repository/org/hibernate/common/hibernate-commons-annotations/5.0.4.Final/hibernate-commons-annotations-5.0.4.Final.jar
7f3b721b4000-7f3b721b9000 r--s 0004b000 08:06 3540183                    /home/acer/.m2/repository/org/dom4j/dom4j/2.1.1/dom4j-2.1.1.jar
7f3b721b9000-7f3b721bb000 r--s 0000f000 08:06 3540186                    /home/acer/.m2/repository/com/fasterxml/classmate/1.4.0/classmate-1.4.0.jar
7f3b721bb000-7f3b721be000 r--s 0002b000 08:06 3540177                    /home/acer/.m2/repository/org/jboss/jandex/2.0.5.Final/jandex-2.0.5.Final.jar
7f3b721be000-7f3b721c3000 r--s 00068000 08:06 3540175                    /home/acer/.m2/repository/antlr/antlr/2.7.7/antlr-2.7.7.jar
7f3b721c3000-7f3b72209000 r--s 002d7000 08:06 3540297                    /home/acer/.m2/repository/net/bytebuddy/byte-buddy/1.9.7/byte-buddy-1.9.7.jar
7f3b72209000-7f3b72214000 r--s 000b2000 08:06 3540171                    /home/acer/.m2/repository/org/javassist/javassist/3.23.1-GA/javassist-3.23.1-GA.jar
7f3b72214000-7f3b7221a000 r--s 00023000 08:06 3540170                    /home/acer/.m2/repository/javax/persistence/javax.persistence-api/2.2/javax.persistence-api-2.2.jar
7f3b7221a000-7f3b7221c000 r--s 0000f000 08:06 3540267                    /home/acer/.m2/repository/org/jboss/logging/jboss-logging/3.3.2.Final/jboss-logging-3.3.2.Final.jar
7f3b7221c000-7f3b7229f000 r--s 00624000 08:06 3540165                    /home/acer/.m2/repository/org/hibernate/hibernate-core/5.3.7.Final/hibernate-core-5.3.7.Final.jar
7f3b7229f000-7f3b722a3000 r--s 0001c000 08:06 3540140                    /home/acer/.m2/repository/javax/xml/bind/jaxb-api/2.3.1/jaxb-api-2.3.1.jar
7f3b722a3000-7f3b722a6000 ---p 00000000 00:00 0 
7f3b722a6000-7f3b723a4000 rw-p 00000000 00:00 0 
7f3b723a4000-7f3b72d73000 r--p 00000000 08:06 4463233                    /usr/lib/locale/locale-archive
7f3b72d73000-7f3b72d76000 ---p 00000000 00:00 0 
7f3b72d76000-7f3b72e74000 rw-p 00000000 00:00 0 
7f3b72e74000-7f3b72e77000 ---p 00000000 00:00 0 
7f3b72e77000-7f3b72f75000 rw-p 00000000 00:00 0 
7f3b72f75000-7f3b72f76000 ---p 00000000 00:00 0 
7f3b72f76000-7f3b78000000 rw-p 00000000 00:00 0 
7f3b78000000-7f3b78021000 rw-p 00000000 00:00 0 
7f3b78021000-7f3b7c000000 ---p 00000000 00:00 0 
7f3b7c000000-7f3b7c021000 rw-p 00000000 00:00 0 
7f3b7c021000-7f3b80000000 ---p 00000000 00:00 0 
7f3b80000000-7f3b802a5000 rw-p 00000000 00:00 0 
7f3b802a5000-7f3b84000000 ---p 00000000 00:00 0 
7f3b84000000-7f3b84023000 rw-p 00000000 00:00 0 
7f3b84023000-7f3b88000000 ---p 00000000 00:00 0 
7f3b88000000-7f3b88002000 r--s 0000c000 08:06 3540181                    /home/acer/.m2/repository/javax/activation/javax.activation-api/1.2.0/javax.activation-api-1.2.0.jar
7f3b88002000-7f3b8801b000 r--s 001de000 08:06 3540195                    /home/acer/.m2/repository/org/aspectj/aspectjweaver/1.9.2/aspectjweaver-1.9.2.jar
7f3b8801b000-7f3b8802e000 r--s 00345000 08:06 3410296                    /home/acer/.sdkman/candidates/java/8.0.201-oracle/jre/lib/resources.jar
7f3b8802e000-7f3b88041000 r--s 000d6000 08:06 3410343                    /home/acer/.sdkman/candidates/java/8.0.201-oracle/jre/lib/plugin.jar
7f3b88041000-7f3b88546000 rw-p 00000000 00:00 0 
7f3b88546000-7f3b88720000 r--s 03d6f000 08:06 3410423                    /home/acer/.sdkman/candidates/java/8.0.201-oracle/jre/lib/rt.jar
7f3b88720000-7f3b88b6e000 rw-p 00000000 00:00 0 
7f3b88b6e000-7f3b88b6f000 ---p 00000000 00:00 0 
7f3b88b6f000-7f3b88c6f000 rw-p 00000000 00:00 0 
7f3b88c6f000-7f3b88c70000 ---p 00000000 00:00 0 
7f3b88c70000-7f3b88d9d000 rw-p 00000000 00:00 0 
7f3b88d9d000-7f3b89000000 ---p 00000000 00:00 0 
7f3b89000000-7f3b899a0000 rwxp 00000000 00:00 0 
7f3b899a0000-7f3b98000000 ---p 00000000 00:00 0 
7f3b98000000-7f3b99680000 rw-p 00000000 00:00 0 
7f3b99680000-7f3b9c000000 ---p 00000000 00:00 0 
7f3b9c000000-7f3b9c001000 r--s 00000000 08:06 3540155                    /home/acer/.m2/repository/org/springframework/boot/spring-boot-starter-data-rest/2.1.2.RELEASE/spring-boot-starter-data-rest-2.1.2.RELEASE.jar
7f3b9c001000-7f3b9c002000 r--s 00006000 08:06 3540159                    /home/acer/.m2/repository/javax/transaction/javax.transaction-api/1.3/javax.transaction-api-1.3.jar
7f3b9c002000-7f3b9c00b000 r--s 0005a000 08:06 3540153                    /home/acer/.m2/repository/org/springframework/spring-jdbc/5.1.4.RELEASE/spring-jdbc-5.1.4.RELEASE.jar
7f3b9c00b000-7f3b9c00f000 r--s 00020000 08:06 3540150                    /home/acer/.m2/repository/com/zaxxer/HikariCP/3.2.0/HikariCP-3.2.0.jar
7f3b9c00f000-7f3b9c010000 r--s 00000000 08:06 3540145                    /home/acer/.m2/repository/org/springframework/boot/spring-boot-starter-jdbc/2.1.2.RELEASE/spring-boot-starter-jdbc-2.1.2.RELEASE.jar
7f3b9c010000-7f3b9c02b000 r--s 0020c000 08:06 3410391                    /home/acer/.sdkman/candidates/java/8.0.201-oracle/jre/lib/deploy.jar
7f3b9c02b000-7f3b9c02c000 ---p 00000000 00:00 0 
7f3b9c02c000-7f3b9c12c000 rw-p 00000000 00:00 0 
7f3b9c12c000-7f3b9c12d000 ---p 00000000 00:00 0 
7f3b9c12d000-7f3b9c25a000 rw-p 00000000 00:00 0 
7f3b9c25a000-7f3b9c4bd000 ---p 00000000 00:00 0 
7f3b9c4bd000-7f3b9c534000 rw-p 00000000 00:00 0 
7f3b9c534000-7f3b9c605000 ---p 00000000 00:00 0 
7f3b9c605000-7f3b9c62d000 rw-p 00000000 00:00 0 
7f3b9c62d000-7f3b9c9c6000 ---p 00000000 00:00 0 
7f3b9c9c6000-7f3b9c9e1000 r-xp 00000000 08:06 3410571                    /home/acer/.sdkman/candidates/java/8.0.201-oracle/jre/lib/amd64/libzip.so
7f3b9c9e1000-7f3b9cbe0000 ---p 0001b000 08:06 3410571                    /home/acer/.sdkman/candidates/java/8.0.201-oracle/jre/lib/amd64/libzip.so
7f3b9cbe0000-7f3b9cbe1000 r--p 0001a000 08:06 3410571                    /home/acer/.sdkman/candidates/java/8.0.201-oracle/jre/lib/amd64/libzip.so
7f3b9cbe1000-7f3b9cbe2000 rw-p 0001b000 08:06 3410571                    /home/acer/.sdkman/candidates/java/8.0.201-oracle/jre/lib/amd64/libzip.so
7f3b9cbe2000-7f3b9cbed000 r-xp 00000000 08:06 11145999                   /lib/x86_64-linux-gnu/libnss_files-2.27.so
7f3b9cbed000-7f3b9cdec000 ---p 0000b000 08:06 11145999                   /lib/x86_64-linux-gnu/libnss_files-2.27.so
7f3b9cdec000-7f3b9cded000 r--p 0000a000 08:06 11145999                   /lib/x86_64-linux-gnu/libnss_files-2.27.so
7f3b9cded000-7f3b9cdee000 rw-p 0000b000 08:06 11145999                   /lib/x86_64-linux-gnu/libnss_files-2.27.so
7f3b9cdee000-7f3b9cdf4000 rw-p 00000000 00:00 0 
7f3b9cdf4000-7f3b9ce0b000 r-xp 00000000 08:06 11145993                   /lib/x86_64-linux-gnu/libnsl-2.27.so
7f3b9ce0b000-7f3b9d00a000 ---p 00017000 08:06 11145993                   /lib/x86_64-linux-gnu/libnsl-2.27.so
7f3b9d00a000-7f3b9d00b000 r--p 00016000 08:06 11145993                   /lib/x86_64-linux-gnu/libnsl-2.27.so
7f3b9d00b000-7f3b9d00c000 rw-p 00017000 08:06 11145993                   /lib/x86_64-linux-gnu/libnsl-2.27.so
7f3b9d00c000-7f3b9d00e000 rw-p 00000000 00:00 0 
7f3b9d00e000-7f3b9d019000 r-xp 00000000 08:06 11146010                   /lib/x86_64-linux-gnu/libnss_nis-2.27.so
7f3b9d019000-7f3b9d218000 ---p 0000b000 08:06 11146010                   /lib/x86_64-linux-gnu/libnss_nis-2.27.so
7f3b9d218000-7f3b9d219000 r--p 0000a000 08:06 11146010                   /lib/x86_64-linux-gnu/libnss_nis-2.27.so
7f3b9d219000-7f3b9d21a000 rw-p 0000b000 08:06 11146010                   /lib/x86_64-linux-gnu/libnss_nis-2.27.so
7f3b9d21a000-7f3b9d222000 r-xp 00000000 08:06 11145995                   /lib/x86_64-linux-gnu/libnss_compat-2.27.so
7f3b9d222000-7f3b9d422000 ---p 00008000 08:06 11145995                   /lib/x86_64-linux-gnu/libnss_compat-2.27.so
7f3b9d422000-7f3b9d423000 r--p 00008000 08:06 11145995                   /lib/x86_64-linux-gnu/libnss_compat-2.27.so
7f3b9d423000-7f3b9d424000 rw-p 00009000 08:06 11145995                   /lib/x86_64-linux-gnu/libnss_compat-2.27.so
7f3b9d424000-7f3b9d42e000 r-xp 00000000 08:06 3410556                    /home/acer/.sdkman/candidates/java/8.0.201-oracle/jre/lib/amd64/libinstrument.so
7f3b9d42e000-7f3b9d62d000 ---p 0000a000 08:06 3410556                    /home/acer/.sdkman/candidates/java/8.0.201-oracle/jre/lib/amd64/libinstrument.so
7f3b9d62d000-7f3b9d62e000 r--p 00009000 08:06 3410556                    /home/acer/.sdkman/candidates/java/8.0.201-oracle/jre/lib/amd64/libinstrument.so
7f3b9d62e000-7f3b9d62f000 rw-p 0000a000 08:06 3410556                    /home/acer/.sdkman/candidates/java/8.0.201-oracle/jre/lib/amd64/libinstrument.so
7f3b9d62f000-7f3b9d65b000 r-xp 00000000 08:06 3410558                    /home/acer/.sdkman/candidates/java/8.0.201-oracle/jre/lib/amd64/libjava.so
7f3b9d65b000-7f3b9d85b000 ---p 0002c000 08:06 3410558                    /home/acer/.sdkman/candidates/java/8.0.201-oracle/jre/lib/amd64/libjava.so
7f3b9d85b000-7f3b9d85c000 r--p 0002c000 08:06 3410558                    /home/acer/.sdkman/candidates/java/8.0.201-oracle/jre/lib/amd64/libjava.so
7f3b9d85c000-7f3b9d85e000 rw-p 0002d000 08:06 3410558                    /home/acer/.sdkman/candidates/java/8.0.201-oracle/jre/lib/amd64/libjava.so
7f3b9d85e000-7f3b9d86b000 r-xp 00000000 08:06 3410534                    /home/acer/.sdkman/candidates/java/8.0.201-oracle/jre/lib/amd64/libverify.so
7f3b9d86b000-7f3b9da6a000 ---p 0000d000 08:06 3410534                    /home/acer/.sdkman/candidates/java/8.0.201-oracle/jre/lib/amd64/libverify.so
7f3b9da6a000-7f3b9da6c000 r--p 0000c000 08:06 3410534                    /home/acer/.sdkman/candidates/java/8.0.201-oracle/jre/lib/amd64/libverify.so
7f3b9da6c000-7f3b9da6d000 rw-p 0000e000 08:06 3410534                    /home/acer/.sdkman/candidates/java/8.0.201-oracle/jre/lib/amd64/libverify.so
7f3b9da6d000-7f3b9da74000 r-xp 00000000 08:06 11146050                   /lib/x86_64-linux-gnu/librt-2.27.so
7f3b9da74000-7f3b9dc73000 ---p 00007000 08:06 11146050                   /lib/x86_64-linux-gnu/librt-2.27.so
7f3b9dc73000-7f3b9dc74000 r--p 00006000 08:06 11146050                   /lib/x86_64-linux-gnu/librt-2.27.so
7f3b9dc74000-7f3b9dc75000 rw-p 00007000 08:06 11146050                   /lib/x86_64-linux-gnu/librt-2.27.so
7f3b9dc75000-7f3b9de12000 r-xp 00000000 08:06 11145972                   /lib/x86_64-linux-gnu/libm-2.27.so
7f3b9de12000-7f3b9e011000 ---p 0019d000 08:06 11145972                   /lib/x86_64-linux-gnu/libm-2.27.so
7f3b9e011000-7f3b9e012000 r--p 0019c000 08:06 11145972                   /lib/x86_64-linux-gnu/libm-2.27.so
7f3b9e012000-7f3b9e013000 rw-p 0019d000 08:06 11145972                   /lib/x86_64-linux-gnu/libm-2.27.so
7f3b9e013000-7f3b9ecfb000 r-xp 00000000 08:06 3410604                    /home/acer/.sdkman/candidates/java/8.0.201-oracle/jre/lib/amd64/server/libjvm.so
7f3b9ecfb000-7f3b9eefa000 ---p 00ce8000 08:06 3410604                    /home/acer/.sdkman/candidates/java/8.0.201-oracle/jre/lib/amd64/server/libjvm.so
7f3b9eefa000-7f3b9ef90000 r--p 00ce7000 08:06 3410604                    /home/acer/.sdkman/candidates/java/8.0.201-oracle/jre/lib/amd64/server/libjvm.so
7f3b9ef90000-7f3b9efc1000 rw-p 00d7d000 08:06 3410604                    /home/acer/.sdkman/candidates/java/8.0.201-oracle/jre/lib/amd64/server/libjvm.so
7f3b9efc1000-7f3b9effc000 rw-p 00000000 00:00 0 
7f3b9effc000-7f3b9f1e3000 r-xp 00000000 08:06 11145909                   /lib/x86_64-linux-gnu/libc-2.27.so
7f3b9f1e3000-7f3b9f3e3000 ---p 001e7000 08:06 11145909                   /lib/x86_64-linux-gnu/libc-2.27.so
7f3b9f3e3000-7f3b9f3e7000 r--p 001e7000 08:06 11145909                   /lib/x86_64-linux-gnu/libc-2.27.so
7f3b9f3e7000-7f3b9f3e9000 rw-p 001eb000 08:06 11145909                   /lib/x86_64-linux-gnu/libc-2.27.so
7f3b9f3e9000-7f3b9f3ed000 rw-p 00000000 00:00 0 
7f3b9f3ed000-7f3b9f3f0000 r-xp 00000000 08:06 11145932                   /lib/x86_64-linux-gnu/libdl-2.27.so
7f3b9f3f0000-7f3b9f5ef000 ---p 00003000 08:06 11145932                   /lib/x86_64-linux-gnu/libdl-2.27.so
7f3b9f5ef000-7f3b9f5f0000 r--p 00002000 08:06 11145932                   /lib/x86_64-linux-gnu/libdl-2.27.so
7f3b9f5f0000-7f3b9f5f1000 rw-p 00003000 08:06 11145932                   /lib/x86_64-linux-gnu/libdl-2.27.so
7f3b9f5f1000-7f3b9f608000 r-xp 00000000 08:06 3410128                    /home/acer/.sdkman/candidates/java/8.0.201-oracle/lib/amd64/jli/libjli.so
7f3b9f608000-7f3b9f807000 ---p 00017000 08:06 3410128                    /home/acer/.sdkman/candidates/java/8.0.201-oracle/lib/amd64/jli/libjli.so
7f3b9f807000-7f3b9f808000 r--p 00016000 08:06 3410128                    /home/acer/.sdkman/candidates/java/8.0.201-oracle/lib/amd64/jli/libjli.so
7f3b9f808000-7f3b9f809000 rw-p 00017000 08:06 3410128                    /home/acer/.sdkman/candidates/java/8.0.201-oracle/lib/amd64/jli/libjli.so
7f3b9f809000-7f3b9f823000 r-xp 00000000 08:06 11146042                   /lib/x86_64-linux-gnu/libpthread-2.27.so
7f3b9f823000-7f3b9fa22000 ---p 0001a000 08:06 11146042                   /lib/x86_64-linux-gnu/libpthread-2.27.so
7f3b9fa22000-7f3b9fa23000 r--p 00019000 08:06 11146042                   /lib/x86_64-linux-gnu/libpthread-2.27.so
7f3b9fa23000-7f3b9fa24000 rw-p 0001a000 08:06 11146042                   /lib/x86_64-linux-gnu/libpthread-2.27.so
7f3b9fa24000-7f3b9fa28000 rw-p 00000000 00:00 0 
7f3b9fa28000-7f3b9fa4f000 r-xp 00000000 08:06 11145881                   /lib/x86_64-linux-gnu/ld-2.27.so
7f3b9fa4f000-7f3b9fa50000 r--s 00000000 08:06 3540137                    /home/acer/.m2/repository/org/springframework/boot/spring-boot-starter-aop/2.1.2.RELEASE/spring-boot-starter-aop-2.1.2.RELEASE.jar
7f3b9fa50000-7f3b9fa51000 r--s 00000000 08:06 3540135                    /home/acer/.m2/repository/org/springframework/boot/spring-boot-starter-data-jpa/2.1.2.RELEASE/spring-boot-starter-data-jpa-2.1.2.RELEASE.jar
7f3b9fa51000-7f3b9fa55000 r--s 000a1000 08:06 3410608                    /home/acer/.sdkman/candidates/java/8.0.201-oracle/jre/lib/jsse.jar
7f3b9fa55000-7f3b9fa57000 r--s 00007000 08:06 3410414                    /home/acer/.sdkman/candidates/java/8.0.201-oracle/jre/lib/jfxswt.jar
7f3b9fa57000-7f3b9fa5c000 r--s 00084000 08:06 3410346                    /home/acer/.sdkman/candidates/java/8.0.201-oracle/jre/lib/jfr.jar
7f3b9fa5c000-7f3b9fa66000 r--s 0006e000 08:06 3410342                    /home/acer/.sdkman/candidates/java/8.0.201-oracle/jre/lib/javaws.jar
7f3b9fa66000-7f3b9fb37000 rw-p 00000000 00:00 0 
7f3b9fb37000-7f3b9fb38000 ---p 00000000 00:00 0 
7f3b9fb38000-7f3b9fb3b000 ---p 00000000 00:00 0 
7f3b9fb3b000-7f3b9fc3a000 rw-p 00000000 00:00 0 
7f3b9fc3a000-7f3b9fc3b000 r--s 00000000 08:06 3410436                    /home/acer/.sdkman/candidates/java/8.0.201-oracle/jre/lib/management-agent.jar
7f3b9fc3b000-7f3b9fc3e000 r--s 0001a000 08:06 3410392                    /home/acer/.sdkman/candidates/java/8.0.201-oracle/jre/lib/jce.jar
7f3b9fc3e000-7f3b9fc43000 r--s 002f9000 08:06 3410606                    /home/acer/.sdkman/candidates/java/8.0.201-oracle/jre/lib/charsets.jar
7f3b9fc43000-7f3b9fc4b000 rw-s 00000000 08:06 5643427                    /tmp/hsperfdata_acer/15028
7f3b9fc4b000-7f3b9fc4c000 rw-p 00000000 00:00 0 
7f3b9fc4c000-7f3b9fc4d000 ---p 00000000 00:00 0 
7f3b9fc4d000-7f3b9fc4f000 rw-p 00000000 00:00 0 
7f3b9fc4f000-7f3b9fc50000 r--p 00027000 08:06 11145881                   /lib/x86_64-linux-gnu/ld-2.27.so
7f3b9fc50000-7f3b9fc51000 rw-p 00028000 08:06 11145881                   /lib/x86_64-linux-gnu/ld-2.27.so
7f3b9fc51000-7f3b9fc52000 rw-p 00000000 00:00 0 
7ffd0ce24000-7ffd0ce47000 rw-p 00000000 00:00 0                          [stack]
7ffd0cf23000-7ffd0cf26000 r--p 00000000 00:00 0                          [vvar]
7ffd0cf26000-7ffd0cf28000 r-xp 00000000 00:00 0                          [vdso]
ffffffffff600000-ffffffffff601000 r-xp 00000000 00:00 0                  [vsyscall]

VM Arguments:
jvm_args: -XX:TieredStopAtLevel=1 -Xverify:none -Dspring.output.ansi.enabled=always -Dcom.sun.management.jmxremote -Dcom.sun.management.jmxremote.port=37913 -Dcom.sun.management.jmxremote.authenticate=false -Dcom.sun.management.jmxremote.ssl=false -Djava.rmi.server.hostname=localhost -Dspring.liveBeansView.mbeanDomain -Dspring.application.admin.enabled=true -javaagent:/home/acer/.programFiles/idea-IU-183.5153.38/lib/idea_rt.jar=40377:/home/acer/.programFiles/idea-IU-183.5153.38/bin -Dfile.encoding=UTF-8 
java_command: kg.apps.CBMapp.CBMappApplication
java_class_path (initial): /home/acer/.sdkman/candidates/java/8.0.201-oracle/jre/lib/charsets.jar:/home/acer/.sdkman/candidates/java/8.0.201-oracle/jre/lib/deploy.jar:/home/acer/.sdkman/candidates/java/8.0.201-oracle/jre/lib/ext/cldrdata.jar:/home/acer/.sdkman/candidates/java/8.0.201-oracle/jre/lib/ext/dnsns.jar:/home/acer/.sdkman/candidates/java/8.0.201-oracle/jre/lib/ext/jaccess.jar:/home/acer/.sdkman/candidates/java/8.0.201-oracle/jre/lib/ext/jfxrt.jar:/home/acer/.sdkman/candidates/java/8.0.201-oracle/jre/lib/ext/localedata.jar:/home/acer/.sdkman/candidates/java/8.0.201-oracle/jre/lib/ext/nashorn.jar:/home/acer/.sdkman/candidates/java/8.0.201-oracle/jre/lib/ext/sunec.jar:/home/acer/.sdkman/candidates/java/8.0.201-oracle/jre/lib/ext/sunjce_provider.jar:/home/acer/.sdkman/candidates/java/8.0.201-oracle/jre/lib/ext/sunpkcs11.jar:/home/acer/.sdkman/candidates/java/8.0.201-oracle/jre/lib/ext/zipfs.jar:/home/acer/.sdkman/candidates/java/8.0.201-oracle/jre/lib/javaws.jar:/home/acer/.sdkman/candidates/java/8.0.201-oracle/jre/lib/jce.jar:/home/acer/.sdkman/candidates/java/8.0.201-oracle/jre/lib/jfr.jar:/home/acer/.sdkman/candidates/java/8.0.201-oracle/jre/lib/jfxswt.jar:/home/acer/.sdkman/candidates/java/8.0.201-oracle/jre/lib/jsse.jar:/home/acer/.sdkman/candidates/java/8.0.201-oracle/jre/lib/management-agent.jar:/home/acer/.sdkman/candidates/java/8.0.201-oracle/jre/lib/plugin.jar:/home/acer/.sdkman/candidates/java/8.0.201-oracle/jre/lib/resources.jar:/home/acer/.sdkman/candidates/java/8.0.201-oracle/jre/lib/rt.jar:/home/acer/edu/CBMapp/target/classes:/home/acer/.m2/repository/org/springframework/boot/spring-boot-starter-data-jpa/2.1.2.RELEASE/spring-boot-starter-data-jpa-2.1.2.RELEASE.jar:/home/acer/.m2/repository/org/springframework/boot/spring-boot-starter-aop/2.1.2.RELEASE/spring-boot-starter-aop-2.1.2.RELEASE.jar:/home/acer/.m2/repository/org/aspectj/aspectjweaver/1.9.2/aspectjweaver-1.9.2.jar:/home/acer/.m2/repository/org/springframework/boot/spring-boot-starter-j
Launcher Type: SUN_STANDARD

Environment Variables:
PATH=/usr/local/sbin:/usr/local/bin:/usr/sbin:/usr/bin:/sbin:/bin:/usr/games:/usr/local/games:/snap/bin
USERNAME=acer
SHELL=/bin/bash
DISPLAY=:0

Signal Handlers:
SIGSEGV: [libjvm.so+0xad3e60], sa_mask[0]=11111111011111111101111111111110, sa_flags=SA_RESTART|SA_SIGINFO
SIGBUS: [libjvm.so+0xad3e60], sa_mask[0]=11111111011111111101111111111110, sa_flags=SA_RESTART|SA_SIGINFO
SIGFPE: [libjvm.so+0x90b880], sa_mask[0]=11111111011111111101111111111110, sa_flags=SA_RESTART|SA_SIGINFO
SIGPIPE: [libjvm.so+0x90b880], sa_mask[0]=11111111011111111101111111111110, sa_flags=SA_RESTART|SA_SIGINFO
SIGXFSZ: [libjvm.so+0x90b880], sa_mask[0]=11111111011111111101111111111110, sa_flags=SA_RESTART|SA_SIGINFO
SIGILL: [libjvm.so+0x90b880], sa_mask[0]=11111111011111111101111111111110, sa_flags=SA_RESTART|SA_SIGINFO
SIGUSR1: SIG_DFL, sa_mask[0]=00000000000000000000000000000000, sa_flags=none
SIGUSR2: [libjvm.so+0x90b750], sa_mask[0]=00100000000000000000000000000000, sa_flags=SA_RESTART|SA_SIGINFO
SIGHUP: [libjvm.so+0x90bd70], sa_mask[0]=11111111011111111101111111111110, sa_flags=SA_RESTART|SA_SIGINFO
SIGINT: [libjvm.so+0x90bd70], sa_mask[0]=11111111011111111101111111111110, sa_flags=SA_RESTART|SA_SIGINFO
SIGTERM: [libjvm.so+0x90bd70], sa_mask[0]=11111111011111111101111111111110, sa_flags=SA_RESTART|SA_SIGINFO
SIGQUIT: [libjvm.so+0x90bd70], sa_mask[0]=11111111011111111101111111111110, sa_flags=SA_RESTART|SA_SIGINFO


---------------  S Y S T E M  ---------------

OS:DISTRIB_ID=Ubuntu
DISTRIB_RELEASE=18.04
DISTRIB_CODENAME=bionic
DISTRIB_DESCRIPTION="Ubuntu 18.04.1 LTS"

uname:Linux 4.15.0-43-generic #46-Ubuntu SMP Thu Dec 6 14:45:28 UTC 2018 x86_64
libc:glibc 2.27 NPTL 2.27 
rlimit: STACK 8192k, CORE 0k, NPROC 31235, NOFILE 1048576, AS infinity
load average:1.49 0.81 0.65

/proc/meminfo:
MemTotal:        8056840 kB
MemFree:          652704 kB
MemAvailable:    3219120 kB
Buffers:          219420 kB
Cached:          2718400 kB
SwapCached:            0 kB
Active:          5424620 kB
Inactive:        1661292 kB
Active(anon):    4149672 kB
Inactive(anon):   235244 kB
Active(file):    1274948 kB
Inactive(file):  1426048 kB
Unevictable:          48 kB
Mlocked:              48 kB
SwapTotal:       2999292 kB
SwapFree:        2999292 kB
Dirty:              3384 kB
Writeback:             0 kB
AnonPages:       4148372 kB
Mapped:           487892 kB
Shmem:            236828 kB
Slab:             214952 kB
SReclaimable:     169188 kB
SUnreclaim:        45764 kB
KernelStack:       12896 kB
PageTables:        44072 kB
NFS_Unstable:          0 kB
Bounce:                0 kB
WritebackTmp:          0 kB
CommitLimit:     7027712 kB
Committed_AS:    8633712 kB
VmallocTotal:   34359738367 kB
VmallocUsed:           0 kB
VmallocChunk:          0 kB
HardwareCorrupted:     0 kB
AnonHugePages:         0 kB
ShmemHugePages:        0 kB
ShmemPmdMapped:        0 kB
CmaTotal:              0 kB
CmaFree:               0 kB
HugePages_Total:       0
HugePages_Free:        0
HugePages_Rsvd:        0
HugePages_Surp:        0
Hugepagesize:       2048 kB
DirectMap4k:      189384 kB
DirectMap2M:     8087552 kB

container (cgroup) information:
container_type: cgroupv1
cpu_cpuset_cpus: 0-3
cpu_memory_nodes: 0
active_processor_count: 4
cpu_quota: -1
cpu_period: 100000
cpu_shares: -1
memory_limit_in_bytes: -1
memory_and_swap_limit_in_bytes: -2
memory_soft_limit_in_bytes: -1
memory_usage_in_bytes: 7256563712
memory_max_usage_in_bytes: 0


CPU:total 4 (initial active 4) (2 cores per cpu, 2 threads per core) family 6 model 58 stepping 9, cmov, cx8, fxsr, mmx, sse, sse2, sse3, ssse3, sse4.1, sse4.2, popcnt, avx, clmul, erms, ht, tsc, tscinvbit, tscinv

/proc/cpuinfo:
processor	: 0
vendor_id	: GenuineIntel
cpu family	: 6
model		: 58
model name	: Intel(R) Core(TM) i3-3240 CPU @ 3.40GHz
stepping	: 9
microcode	: 0x20
cpu MHz		: 3392.289
cache size	: 3072 KB
physical id	: 0
siblings	: 4
core id		: 0
cpu cores	: 2
apicid		: 0
initial apicid	: 0
fpu		: yes
fpu_exception	: yes
cpuid level	: 13
wp		: yes
flags		: fpu vme de pse tsc msr pae mce cx8 apic sep mtrr pge mca cmov pat pse36 clflush dts acpi mmx fxsr sse sse2 ss ht tm pbe syscall nx rdtscp lm constant_tsc arch_perfmon pebs bts rep_good nopl xtopology nonstop_tsc cpuid aperfmperf pni pclmulqdq dtes64 monitor ds_cpl vmx est tm2 ssse3 cx16 xtpr pdcm pcid sse4_1 sse4_2 popcnt tsc_deadline_timer xsave avx f16c lahf_lm cpuid_fault epb pti ssbd ibrs ibpb stibp tpr_shadow vnmi flexpriority ept vpid fsgsbase smep erms xsaveopt dtherm arat pln pts flush_l1d
bugs		: cpu_meltdown spectre_v1 spectre_v2 spec_store_bypass l1tf
bogomips	: 6784.49
clflush size	: 64
cache_alignment	: 64
address sizes	: 36 bits physical, 48 bits virtual
power management:

processor	: 1
vendor_id	: GenuineIntel
cpu family	: 6
model		: 58
model name	: Intel(R) Core(TM) i3-3240 CPU @ 3.40GHz
stepping	: 9
microcode	: 0x20
cpu MHz		: 3392.247
cache size	: 3072 KB
physical id	: 0
siblings	: 4
core id		: 1
cpu cores	: 2
apicid		: 2
initial apicid	: 2
fpu		: yes
fpu_exception	: yes
cpuid level	: 13
wp		: yes
flags		: fpu vme de pse tsc msr pae mce cx8 apic sep mtrr pge mca cmov pat pse36 clflush dts acpi mmx fxsr sse sse2 ss ht tm pbe syscall nx rdtscp lm constant_tsc arch_perfmon pebs bts rep_good nopl xtopology nonstop_tsc cpuid aperfmperf pni pclmulqdq dtes64 monitor ds_cpl vmx est tm2 ssse3 cx16 xtpr pdcm pcid sse4_1 sse4_2 popcnt tsc_deadline_timer xsave avx f16c lahf_lm cpuid_fault epb pti ssbd ibrs ibpb stibp tpr_shadow vnmi flexpriority ept vpid fsgsbase smep erms xsaveopt dtherm arat pln pts flush_l1d
bugs		: cpu_meltdown spectre_v1 spectre_v2 spec_store_bypass l1tf
bogomips	: 6784.49
clflush size	: 64
cache_alignment	: 64
address sizes	: 36 bits physical, 48 bits virtual
power management:

processor	: 2
vendor_id	: GenuineIntel
cpu family	: 6
model		: 58
model name	: Intel(R) Core(TM) i3-3240 CPU @ 3.40GHz
stepping	: 9
microcode	: 0x20
cpu MHz		: 3392.245
cache size	: 3072 KB
physical id	: 0
siblings	: 4
core id		: 0
cpu cores	: 2
apicid		: 1
initial apicid	: 1
fpu		: yes
fpu_exception	: yes
cpuid level	: 13
wp		: yes
flags		: fpu vme de pse tsc msr pae mce cx8 apic sep mtrr pge mca cmov pat pse36 clflush dts acpi mmx fxsr sse sse2 ss ht tm pbe syscall nx rdtscp lm constant_tsc arch_perfmon pebs bts rep_good nopl xtopology nonstop_tsc cpuid aperfmperf pni pclmulqdq dtes64 monitor ds_cpl vmx est tm2 ssse3 cx16 xtpr pdcm pcid sse4_1 sse4_2 popcnt tsc_deadline_timer xsave avx f16c lahf_lm cpuid_fault epb pti ssbd ibrs ibpb stibp tpr_shadow vnmi flexpriority ept vpid fsgsbase smep erms xsaveopt dtherm arat pln pts flush_l1d
bugs		: cpu_meltdown spectre_v1 spectre_v2 spec_store_bypass l1tf
bogomips	: 6784.49
clflush size	: 64
cache_alignment	: 64
address sizes	: 36 bits physical, 48 bits virtual
power management:

processor	: 3
vendor_id	: GenuineIntel
cpu family	: 6
model		: 58
model name	: Intel(R) Core(TM) i3-3240 CPU @ 3.40GHz
stepping	: 9
microcode	: 0x20
cpu MHz		: 3392.247
cache size	: 3072 KB
physical id	: 0
siblings	: 4
core id		: 1
cpu cores	: 2
apicid		: 3
initial apicid	: 3
fpu		: yes
fpu_exception	: yes
cpuid level	: 13
wp		: yes
flags		: fpu vme de pse tsc msr pae mce cx8 apic sep mtrr pge mca cmov pat pse36 clflush dts acpi mmx fxsr sse sse2 ss ht tm pbe syscall nx rdtscp lm constant_tsc arch_perfmon pebs bts rep_good nopl xtopology nonstop_tsc cpuid aperfmperf pni pclmulqdq dtes64 monitor ds_cpl vmx est tm2 ssse3 cx16 xtpr pdcm pcid sse4_1 sse4_2 popcnt tsc_deadline_timer xsave avx f16c lahf_lm cpuid_fault epb pti ssbd ibrs ibpb stibp tpr_shadow vnmi flexpriority ept vpid fsgsbase smep erms xsaveopt dtherm arat pln pts flush_l1d
bugs		: cpu_meltdown spectre_v1 spectre_v2 spec_store_bypass l1tf
bogomips	: 6784.49
clflush size	: 64
cache_alignment	: 64
address sizes	: 36 bits physical, 48 bits virtual
power management:



Memory: 4k page, physical 8056840k(652704k free), swap 2999292k(2999292k free)

vm_info: Java HotSpot(TM) 64-Bit Server VM (25.201-b09) for linux-amd64 JRE (1.8.0_201-b09), built on Dec 15 2018 11:35:59 by "java_re" with gcc 7.3.0

time: Thu Jan 24 17:45:38 2019
timezone: +06
elapsed time: 7 seconds (0d 0h 0m 7s)

