#
# A fatal error has been detected by the Java Runtime Environment:
#
#  SIGSEGV (0xb) at pc=0x00007f9d131e97d2, pid=11416, tid=0x00007f9ce7875700
#
# JRE version: Java(TM) SE Runtime Environment (8.0_201-b09) (build 1.8.0_201-b09)
# Java VM: Java HotSpot(TM) 64-Bit Server VM (25.201-b09 mixed mode linux-amd64 compressed oops)
# Problematic frame:
# V  [libjvm.so+0x9877d2]  oopDesc* PSPromotionManager::copy_to_survivor_space<false>(oopDesc*)+0x3b2
#
# Failed to write core dump. Core dumps have been disabled. To enable core dumping, try "ulimit -c unlimited" before starting Java again
#
# If you would like to submit a bug report, please visit:
#   http://bugreport.java.com/bugreport/crash.jsp
#

---------------  T H R E A D  ---------------

Current thread (0x00007f9d0c146800):  VMThread [stack: 0x00007f9ce7776000,0x00007f9ce7876000] [id=11427]

siginfo: si_signo: 11 (SIGSEGV), si_code: 1 (SEGV_MAPERR), si_addr: 0x0000000006910018

Registers:
RAX=0x0000000006910010, RBX=0x00000000d887feca, RCX=0x0000000000000003, RDX=0x0000000000000001
RSP=0x00007f9ce78744e0, RBP=0x00007f9ce7874570, RSI=0x00000000d887feca, RDI=0x00007f9d0c144280
R8 =0x25a5000000000000, R9 =0x00000000858073dd, R10=0x00007f9d137fada0, R11=0x0000000000000050
R12=0x00007f9d0c144280, R13=0x00000000deb7c4e0, R14=0x00007f9ce7874890, R15=0x00000000deb7c4f8
RIP=0x00007f9d131e97d2, EFLAGS=0x0000000000010202, CSGSFS=0x002b000000000033, ERR=0x0000000000000004
  TRAPNO=0x000000000000000e

Top of Stack: (sp=0x00007f9ce78744e0)
0x00007f9ce78744e0:   00007f9dfbad8001 0000000000000400
0x00007f9ce78744f0:   0000000000000050 00007f9d0000000a
0x00007f9ce7874500:   0000000000000050 00000041e68d8701
0x00007f9ce7874510:   0000000085806740 0000000000000400
0x00007f9ce7874520:   00007f9ce7874570 00007f9d131e9068
0x00007f9ce7874530:   0000001a00000000 0000001b00000000
0x00007f9ce7874540:   0000000000000001 00000000deb7c4ec
0x00007f9ce7874550:   00007f9d137fadb0 00000000deb7c4e0
0x00007f9ce7874560:   00007f9ce7874890 00000000deb7c4f8
0x00007f9ce7874570:   00007f9ce7874590 00007f9d131ecdcc
0x00007f9ce7874580:   00007f9d1381f3ea 00000000deb7c4b8
0x00007f9ce7874590:   00007f9ce7874610 00007f9d131f3b1b
0x00007f9ce78745a0:   00007f9ce7874610 00000000000083b0
0x00007f9ce78745b0:   00007f9ce7874880 00007f9ca0371608
0x00007f9ce78745c0:   00007f9ca0369990 00007f9d0c146070
0x00007f9ce78745d0:   00007f9ca0369620 00000000deb78560
0x00007f9ce78745e0:   0000000000000007 00007f9d0c00bc10
0x00007f9ce78745f0:   00007f9d0c0a2950 00007f9d1382e0e0
0x00007f9ce7874600:   00007f9ce7874890 0000000000000004
0x00007f9ce7874610:   00007f9ce7874690 00007f9d131f43c4
0x00007f9ce7874620:   00007f9ce7874640 000000001317027f
0x00007f9ce7874630:   0000000000000ab0 00007f9ce7874880
0x00007f9ce7874640:   00007f9d133cb46c 0000000000000007
0x00007f9ce7874650:   00007f9ce7874708 00007f9d0c00bc10
0x00007f9ce7874660:   00007f9ce7874690 00007f9ce78746f0
0x00007f9ce7874670:   00007f9ce7874880 0000000000000000
0x00007f9ce7874680:   00007f9ce7874830 00007f9d0c00bc10
0x00007f9ce7874690:   00007f9ce7874750 00007f9d131f4a02
0x00007f9ce78746a0:   0000000000000000 00007f9d131f4998
0x00007f9ce78746b0:   0000000000000007 00007f9ce7874918
0x00007f9ce78746c0:   00007f9ce7874700 0000000000000184
0x00007f9ce78746d0:   0000000000000000 000000001397bea6 

Instructions: (pc=0x00007f9d131e97d2)
0x00007f9d131e97b2:   ff ff 0f 1f 40 00 4c 8d 15 e1 15 61 00 8b 46 08
0x00007f9d131e97c2:   48 89 f3 49 89 fc 41 8b 4a 08 48 d3 e0 49 03 02
0x00007f9d131e97d2:   8b 48 08 83 f9 00 0f 8f 92 fd ff ff 0f 84 0c fe
0x00007f9d131e97e2:   ff ff 80 fa 01 48 8d 15 fe 94 5f 00 48 19 c0 83 

Register to memory mapping:

RAX=0x0000000006910010 is an unknown value
RBX=0x00000000d887feca is an unknown value
RCX=0x0000000000000003 is an unknown value
RDX=0x0000000000000001 is an unknown value
RSP=0x00007f9ce78744e0 is an unknown value
RBP=0x00007f9ce7874570 is an unknown value
RSI=0x00000000d887feca is an unknown value
RDI=0x00007f9d0c144280 is an unknown value
R8 =0x25a5000000000000 is an unknown value
R9 =0x00000000858073dd is pointing into object: 0x00000000858073c0
sun.net.www.protocol.jar.URLJarFile 
 - klass: 'sun/net/www/protocol/jar/URLJarFile'
R10=0x00007f9d137fada0: <offset 0xf98da0> in /home/acer/.sdkman/candidates/java/8.0.201-oracle/jre/lib/amd64/server/libjvm.so at 0x00007f9d12862000
R11=0x0000000000000050 is an unknown value
R12=0x00007f9d0c144280 is an unknown value
R13=0x00000000deb7c4e0 is an oop
java.lang.ref.Finalizer 
 - klass: 'java/lang/ref/Finalizer'
R14=0x00007f9ce7874890 is an unknown value
R15=0x00000000deb7c4f8 is an oop

[error occurred during error reporting (printing register info), id 0xb]

Stack: [0x00007f9ce7776000,0x00007f9ce7876000],  sp=0x00007f9ce78744e0,  free space=1017k
Native frames: (J=compiled Java code, j=interpreted, Vv=VM code, C=native code)
V  [libjvm.so+0x9877d2]  oopDesc* PSPromotionManager::copy_to_survivor_space<false>(oopDesc*)+0x3b2
V  [libjvm.so+0x98adcc]  PSKeepAliveClosure::do_oop(unsigned int*)+0xcc
V  [libjvm.so+0x991b1b]  ReferenceProcessor::process_phase3(DiscoveredList&, bool, BoolObjectClosure*, OopClosure*, VoidClosure*)+0x23b
V  [libjvm.so+0x9923c4]  ReferenceProcessor::process_discovered_reflist(DiscoveredList*, ReferencePolicy*, bool, BoolObjectClosure*, OopClosure*, VoidClosure*, AbstractRefProcTaskExecutor*) [clone .constprop.46]+0x1c4
V  [libjvm.so+0x992a02]  ReferenceProcessor::process_discovered_references(BoolObjectClosure*, OopClosure*, VoidClosure*, AbstractRefProcTaskExecutor*, GCTimer*, GCId)+0x172
V  [libjvm.so+0x98993a]  PSScavenge::invoke_no_policy()+0xa7a
V  [libjvm.so+0x98a5cc]  PSScavenge::invoke()+0x4c
V  [libjvm.so+0x93a318]  ParallelScavengeHeap::failed_mem_allocate(unsigned long)+0x68
V  [libjvm.so+0xad5073]  VM_ParallelGCFailedAllocation::doit()+0x93
V  [libjvm.so+0xada296]  VM_Operation::evaluate()+0x46
V  [libjvm.so+0xad85cd]  VMThread::evaluate_operation(VM_Operation*) [clone .constprop.44]+0xcd
V  [libjvm.so+0xad8bb3]  VMThread::loop()+0x3a3
V  [libjvm.so+0xad8f88]  VMThread::run()+0x78
V  [libjvm.so+0x90d922]  java_start(Thread*)+0x102

VM_Operation (0x00007f9d14484000): ParallelGCFailedAllocation, mode: safepoint, requested by thread 0x00007f9d0c011800


---------------  P R O C E S S  ---------------

Java Threads: ( => current thread )
  0x00007f9cd0001000 JavaThread "Attach Listener" daemon [_thread_blocked, id=11458, stack(0x00007f9ce4cfa000,0x00007f9ce4dfb000)]
  0x00007f9cb4001800 JavaThread "RMI TCP Connection(2)-127.0.0.1" daemon [_thread_in_native, id=11451, stack(0x00007f9ce53b8000,0x00007f9ce54b9000)]
  0x00007f9ca400c000 JavaThread "RMI Scheduler(0)" daemon [_thread_blocked, id=11450, stack(0x00007f9ce54b9000,0x00007f9ce55ba000)]
  0x00007f9cb8001800 JavaThread "RMI TCP Connection(1)-127.0.0.1" daemon [_thread_in_native, id=11448, stack(0x00007f9ce57ba000,0x00007f9ce58bb000)]
  0x00007f9d0c601800 JavaThread "RMI TCP Accept-0" daemon [_thread_in_native, id=11446, stack(0x00007f9ce59bc000,0x00007f9ce5abd000)]
  0x00007f9d0c5f5800 JavaThread "RMI TCP Accept-34831" daemon [_thread_in_native, id=11445, stack(0x00007f9ce5abd000,0x00007f9ce5bbe000)]
  0x00007f9d0c5e1000 JavaThread "RMI TCP Accept-0" daemon [_thread_in_native, id=11444, stack(0x00007f9ce5bbe000,0x00007f9ce5cbf000)]
  0x00007f9d0c541000 JavaThread "Service Thread" daemon [_thread_blocked, id=11443, stack(0x00007f9ce60df000,0x00007f9ce61e0000)]
  0x00007f9d0c53c000 JavaThread "C1 CompilerThread2" daemon [_thread_blocked, id=11442, stack(0x00007f9ce61e1000,0x00007f9ce62e1000)]
  0x00007f9d0c53a000 JavaThread "C2 CompilerThread1" daemon [_thread_blocked, id=11441, stack(0x00007f9ce64fa000,0x00007f9ce65fa000)]
  0x00007f9d0c538000 JavaThread "C2 CompilerThread0" daemon [_thread_blocked, id=11440, stack(0x00007f9ce65fb000,0x00007f9ce66fb000)]
  0x00007f9d0c535800 JavaThread "Monitor Ctrl-Break" daemon [_thread_in_native, id=11439, stack(0x00007f9ce66fb000,0x00007f9ce67fc000)]
  0x00007f9d0c185800 JavaThread "Signal Dispatcher" daemon [_thread_blocked, id=11434, stack(0x00007f9ce6aa3000,0x00007f9ce6ba4000)]
  0x00007f9d0c153000 JavaThread "Finalizer" daemon [_thread_blocked, id=11431, stack(0x00007f9ce7573000,0x00007f9ce7674000)]
  0x00007f9d0c150800 JavaThread "Reference Handler" daemon [_thread_blocked, id=11429, stack(0x00007f9ce7674000,0x00007f9ce7775000)]
  0x00007f9d0c011800 JavaThread "main" [_thread_blocked, id=11417, stack(0x00007f9d14387000,0x00007f9d14487000)]

Other Threads:
=>0x00007f9d0c146800 VMThread [stack: 0x00007f9ce7776000,0x00007f9ce7876000] [id=11427]
  0x00007f9d0c604000 WatcherThread [stack: 0x00007f9ce58bc000,0x00007f9ce59bc000] [id=11447]

VM state:at safepoint (normal execution)

VM Mutex/Monitor currently owned by a thread:  ([mutex/lock_event])
[0x00007f9d0c00dee0] Threads_lock - owner thread: 0x00007f9d0c146800
[0x00007f9d0c00e3e0] Heap_lock - owner thread: 0x00007f9d0c011800

heap address: 0x0000000085000000, size: 1968 MB, Compressed Oops mode: 32-bit
Narrow klass base: 0x0000000000000000, Narrow klass shift: 3
Compressed class space size: 1073741824 Address: 0x0000000100000000

Heap:
 PSYoungGen      total 104448K, used 104099K [0x00000000d7000000, 0x00000000df880000, 0x0000000100000000)
  eden space 99840K, 100% used [0x00000000d7000000,0x00000000dd180000,0x00000000dd180000)
  from space 4608K, 92% used [0x00000000df400000,0x00000000df828dc8,0x00000000df880000)
  to   space 8192K, 99% used [0x00000000de880000,0x00000000df07c970,0x00000000df080000)
 ParOldGen       total 52224K, used 8225K [0x0000000085000000, 0x0000000088300000, 0x00000000d7000000)
  object space 52224K, 15% used [0x0000000085000000,0x0000000085808740,0x0000000088300000)
 Metaspace       used 26005K, capacity 26980K, committed 27136K, reserved 1073152K
  class space    used 3530K, capacity 3781K, committed 3840K, reserved 1048576K

Card table byte_map: [0x00007f9d10a7c000,0x00007f9d10e55000] byte_map_base: 0x00007f9d10654000

Marking Bits: (ParMarkBitMap*) 0x00007f9d1382dd80
 Begin Bits: [0x00007f9ce8280000, 0x00007f9cea140000)
 End Bits:   [0x00007f9cea140000, 0x00007f9cec000000)

Polling page: 0x00007f9d1449b000

CodeCache: size=245760Kb used=5616Kb max_used=5616Kb free=240143Kb
 bounds [0x00007f9cfd000000, 0x00007f9cfd580000, 0x00007f9d0c000000]
 total_blobs=2960 nmethods=2555 adapters=318
 compilation: enabled

Compilation events (10 events):
Event: 2.422 Thread 0x00007f9d0c53c000 nmethod 2550 0x00007f9cfd579c50 code [0x00007f9cfd579dc0, 0x00007f9cfd579f58]
Event: 2.422 Thread 0x00007f9d0c53c000 2551       1       org.springframework.cglib.core.CodeEmitter::load_local (15 bytes)
Event: 2.422 Thread 0x00007f9d0c53c000 nmethod 2551 0x00007f9cfd57a0d0 code [0x00007f9cfd57a240, 0x00007f9cfd57a3b8]
Event: 2.422 Thread 0x00007f9d0c53c000 2553       1       org.springframework.asm.MethodWriter::computeMethodInfoSize (682 bytes)
Event: 2.424 Thread 0x00007f9d0c53c000 nmethod 2553 0x00007f9cfd57a490 code [0x00007f9cfd57a780, 0x00007f9cfd57b178]
Event: 2.424 Thread 0x00007f9d0c53c000 2556       1       org.springframework.cglib.core.MethodWrapper$MethodWrapperKey$$KeyFactoryByCGLIB$$552be97a::hashCode (95 bytes)
Event: 2.424 Thread 0x00007f9d0c53c000 nmethod 2556 0x00007f9cfd57ba50 code [0x00007f9cfd57bbe0, 0x00007f9cfd57be28]
Event: 2.424 Thread 0x00007f9d0c53c000 2555       1       org.springframework.cglib.core.RejectModifierPredicate::evaluate (23 bytes)
Event: 2.424 Thread 0x00007f9d0c53c000 nmethod 2555 0x00007f9cfd57bfd0 code [0x00007f9cfd57c140, 0x00007f9cfd57c2e8]
Event: 2.424 Thread 0x00007f9d0c53c000 2557       1       org.springframework.core.annotation.AnnotationUtils::isOverride (81 bytes)

GC Heap History (10 events):
Event: 1.035 GC heap after
Heap after GC invocations=3 (full 0):
 PSYoungGen      total 36864K, used 5088K [0x00000000d7000000, 0x00000000db800000, 0x0000000100000000)
  eden space 31744K, 0% used [0x00000000d7000000,0x00000000d7000000,0x00000000d8f00000)
  from space 5120K, 99% used [0x00000000d8f00000,0x00000000d93f8020,0x00000000d9400000)
  to   space 5120K, 0% used [0x00000000db300000,0x00000000db300000,0x00000000db800000)
 ParOldGen       total 84992K, used 975K [0x0000000085000000, 0x000000008a300000, 0x00000000d7000000)
  object space 84992K, 1% used [0x0000000085000000,0x00000000850f3d78,0x000000008a300000)
 Metaspace       used 15779K, capacity 16264K, committed 16384K, reserved 1062912K
  class space    used 2146K, capacity 2293K, committed 2304K, reserved 1048576K
}
Event: 1.192 GC heap before
{Heap before GC invocations=4 (full 0):
 PSYoungGen      total 36864K, used 36832K [0x00000000d7000000, 0x00000000db800000, 0x0000000100000000)
  eden space 31744K, 100% used [0x00000000d7000000,0x00000000d8f00000,0x00000000d8f00000)
  from space 5120K, 99% used [0x00000000d8f00000,0x00000000d93f8020,0x00000000d9400000)
  to   space 5120K, 0% used [0x00000000db300000,0x00000000db300000,0x00000000db800000)
 ParOldGen       total 84992K, used 975K [0x0000000085000000, 0x000000008a300000, 0x00000000d7000000)
  object space 84992K, 1% used [0x0000000085000000,0x00000000850f3d78,0x000000008a300000)
 Metaspace       used 18989K, capacity 19512K, committed 19712K, reserved 1067008K
  class space    used 2526K, capacity 2689K, committed 2816K, reserved 1048576K
Event: 1.203 GC heap after
Heap after GC invocations=4 (full 0):
 PSYoungGen      total 68608K, used 5113K [0x00000000d7000000, 0x00000000db800000, 0x0000000100000000)
  eden space 63488K, 0% used [0x00000000d7000000,0x00000000d7000000,0x00000000dae00000)
  from space 5120K, 99% used [0x00000000db300000,0x00000000db7fe6e8,0x00000000db800000)
  to   space 5120K, 0% used [0x00000000dae00000,0x00000000dae00000,0x00000000db300000)
 ParOldGen       total 84992K, used 3027K [0x0000000085000000, 0x000000008a300000, 0x00000000d7000000)
  object space 84992K, 3% used [0x0000000085000000,0x00000000852f4e68,0x000000008a300000)
 Metaspace       used 18989K, capacity 19512K, committed 19712K, reserved 1067008K
  class space    used 2526K, capacity 2689K, committed 2816K, reserved 1048576K
}
Event: 1.297 GC heap before
{Heap before GC invocations=5 (full 0):
 PSYoungGen      total 68608K, used 20077K [0x00000000d7000000, 0x00000000db800000, 0x0000000100000000)
  eden space 63488K, 23% used [0x00000000d7000000,0x00000000d7e9ce68,0x00000000dae00000)
  from space 5120K, 99% used [0x00000000db300000,0x00000000db7fe6e8,0x00000000db800000)
  to   space 5120K, 0% used [0x00000000dae00000,0x00000000dae00000,0x00000000db300000)
 ParOldGen       total 84992K, used 3027K [0x0000000085000000, 0x000000008a300000, 0x00000000d7000000)
  object space 84992K, 3% used [0x0000000085000000,0x00000000852f4e68,0x000000008a300000)
 Metaspace       used 20762K, capacity 21294K, committed 21296K, reserved 1067008K
  class space    used 2761K, capacity 2944K, committed 2944K, reserved 1048576K
Event: 1.305 GC heap after
Heap after GC invocations=5 (full 0):
 PSYoungGen      total 68608K, used 5089K [0x00000000d7000000, 0x00000000dfc00000, 0x0000000100000000)
  eden space 63488K, 0% used [0x00000000d7000000,0x00000000d7000000,0x00000000dae00000)
  from space 5120K, 99% used [0x00000000dae00000,0x00000000db2f87c8,0x00000000db300000)
  to   space 8192K, 0% used [0x00000000df400000,0x00000000df400000,0x00000000dfc00000)
 ParOldGen       total 84992K, used 4036K [0x0000000085000000, 0x000000008a300000, 0x00000000d7000000)
  object space 84992K, 4% used [0x0000000085000000,0x00000000853f1008,0x000000008a300000)
 Metaspace       used 20762K, capacity 21294K, committed 21296K, reserved 1067008K
  class space    used 2761K, capacity 2944K, committed 2944K, reserved 1048576K
}
Event: 1.305 GC heap before
{Heap before GC invocations=6 (full 1):
 PSYoungGen      total 68608K, used 5089K [0x00000000d7000000, 0x00000000dfc00000, 0x0000000100000000)
  eden space 63488K, 0% used [0x00000000d7000000,0x00000000d7000000,0x00000000dae00000)
  from space 5120K, 99% used [0x00000000dae00000,0x00000000db2f87c8,0x00000000db300000)
  to   space 8192K, 0% used [0x00000000df400000,0x00000000df400000,0x00000000dfc00000)
 ParOldGen       total 84992K, used 4036K [0x0000000085000000, 0x000000008a300000, 0x00000000d7000000)
  object space 84992K, 4% used [0x0000000085000000,0x00000000853f1008,0x000000008a300000)
 Metaspace       used 20762K, capacity 21294K, committed 21296K, reserved 1067008K
  class space    used 2761K, capacity 2944K, committed 2944K, reserved 1048576K
Event: 1.347 GC heap after
Heap after GC invocations=6 (full 1):
 PSYoungGen      total 68608K, used 0K [0x00000000d7000000, 0x00000000dfc00000, 0x0000000100000000)
  eden space 63488K, 0% used [0x00000000d7000000,0x00000000d7000000,0x00000000dae00000)
  from space 5120K, 0% used [0x00000000dae00000,0x00000000dae00000,0x00000000db300000)
  to   space 8192K, 0% used [0x00000000df400000,0x00000000df400000,0x00000000dfc00000)
 ParOldGen       total 52224K, used 5957K [0x0000000085000000, 0x0000000088300000, 0x00000000d7000000)
  object space 52224K, 11% used [0x0000000085000000,0x00000000855d1608,0x0000000088300000)
 Metaspace       used 20762K, capacity 21294K, committed 21296K, reserved 1067008K
  class space    used 2761K, capacity 2944K, committed 2944K, reserved 1048576K
}
Event: 1.678 GC heap before
{Heap before GC invocations=7 (full 1):
 PSYoungGen      total 68608K, used 63482K [0x00000000d7000000, 0x00000000dfc00000, 0x0000000100000000)
  eden space 63488K, 99% used [0x00000000d7000000,0x00000000dadfebf8,0x00000000dae00000)
  from space 5120K, 0% used [0x00000000dae00000,0x00000000dae00000,0x00000000db300000)
  to   space 8192K, 0% used [0x00000000df400000,0x00000000df400000,0x00000000dfc00000)
 ParOldGen       total 52224K, used 5957K [0x0000000085000000, 0x0000000088300000, 0x00000000d7000000)
  object space 52224K, 11% used [0x0000000085000000,0x00000000855d1608,0x0000000088300000)
 Metaspace       used 22432K, capacity 23164K, committed 23424K, reserved 1069056K
  class space    used 2983K, capacity 3189K, committed 3200K, reserved 1048576K
Event: 1.683 GC heap after
Heap after GC invocations=7 (full 1):
 PSYoungGen      total 104448K, used 4259K [0x00000000d7000000, 0x00000000df880000, 0x0000000100000000)
  eden space 99840K, 0% used [0x00000000d7000000,0x00000000d7000000,0x00000000dd180000)
  from space 4608K, 92% used [0x00000000df400000,0x00000000df828dc8,0x00000000df880000)
  to   space 8192K, 0% used [0x00000000de880000,0x00000000de880000,0x00000000df080000)
 ParOldGen       total 52224K, used 5965K [0x0000000085000000, 0x0000000088300000, 0x00000000d7000000)
  object space 52224K, 11% used [0x0000000085000000,0x00000000855d3608,0x0000000088300000)
 Metaspace       used 22432K, capacity 23164K, committed 23424K, reserved 1069056K
  class space    used 2983K, capacity 3189K, committed 3200K, reserved 1048576K
}
Event: 2.425 GC heap before
{Heap before GC invocations=8 (full 1):
 PSYoungGen      total 104448K, used 104099K [0x00000000d7000000, 0x00000000df880000, 0x0000000100000000)
  eden space 99840K, 100% used [0x00000000d7000000,0x00000000dd180000,0x00000000dd180000)
  from space 4608K, 92% used [0x00000000df400000,0x00000000df828dc8,0x00000000df880000)
  to   space 8192K, 0% used [0x00000000de880000,0x00000000de880000,0x00000000df080000)
 ParOldGen       total 52224K, used 5965K [0x0000000085000000, 0x0000000088300000, 0x00000000d7000000)
  object space 52224K, 11% used [0x0000000085000000,0x00000000855d3608,0x0000000088300000)
 Metaspace       used 26005K, capacity 26980K, committed 27136K, reserved 1073152K
  class space    used 3530K, capacity 3781K, committed 3840K, reserved 1048576K

Deoptimization events (0 events):
No events

Classes redefined (0 events):
No events

Internal exceptions (10 events):
Event: 2.229 Thread 0x00007f9d0c011800 Exception <a 'java/lang/ArrayIndexOutOfBoundsException'> (0x00000000dbde6da8) thrown at [/HUDSON/workspace/8-2-build-linux-amd64/jdk8u201/12317/hotspot/src/share/vm/runtime/sharedRuntime.cpp, line 605]
Event: 2.230 Thread 0x00007f9d0c011800 Exception <a 'java/lang/ArrayIndexOutOfBoundsException'> (0x00000000dbdef510) thrown at [/HUDSON/workspace/8-2-build-linux-amd64/jdk8u201/12317/hotspot/src/share/vm/runtime/sharedRuntime.cpp, line 605]
Event: 2.231 Thread 0x00007f9d0c011800 Exception <a 'java/lang/ArrayIndexOutOfBoundsException'> (0x00000000dbe06830) thrown at [/HUDSON/workspace/8-2-build-linux-amd64/jdk8u201/12317/hotspot/src/share/vm/runtime/sharedRuntime.cpp, line 605]
Event: 2.231 Thread 0x00007f9d0c011800 Exception <a 'java/lang/ArrayIndexOutOfBoundsException'> (0x00000000dbe08d30) thrown at [/HUDSON/workspace/8-2-build-linux-amd64/jdk8u201/12317/hotspot/src/share/vm/runtime/sharedRuntime.cpp, line 605]
Event: 2.270 Thread 0x00007f9d0c011800 Exception <a 'java/lang/ArrayIndexOutOfBoundsException'> (0x00000000dc144348) thrown at [/HUDSON/workspace/8-2-build-linux-amd64/jdk8u201/12317/hotspot/src/share/vm/runtime/sharedRuntime.cpp, line 605]
Event: 2.288 Thread 0x00007f9d0c011800 Exception <a 'java/lang/ArrayIndexOutOfBoundsException'> (0x00000000dc300b88) thrown at [/HUDSON/workspace/8-2-build-linux-amd64/jdk8u201/12317/hotspot/src/share/vm/runtime/sharedRuntime.cpp, line 605]
Event: 2.383 Thread 0x00007f9d0c011800 Exception <a 'java/lang/ArrayIndexOutOfBoundsException'> (0x00000000dce14ac8) thrown at [/HUDSON/workspace/8-2-build-linux-amd64/jdk8u201/12317/hotspot/src/share/vm/runtime/sharedRuntime.cpp, line 605]
Event: 2.383 Thread 0x00007f9d0c011800 Exception <a 'java/lang/ArrayIndexOutOfBoundsException'> (0x00000000dce15fe0) thrown at [/HUDSON/workspace/8-2-build-linux-amd64/jdk8u201/12317/hotspot/src/share/vm/runtime/sharedRuntime.cpp, line 605]
Event: 2.383 Thread 0x00007f9d0c011800 Exception <a 'java/lang/ArrayIndexOutOfBoundsException'> (0x00000000dce17948) thrown at [/HUDSON/workspace/8-2-build-linux-amd64/jdk8u201/12317/hotspot/src/share/vm/runtime/sharedRuntime.cpp, line 605]
Event: 2.383 Thread 0x00007f9d0c011800 Exception <a 'java/lang/ArrayIndexOutOfBoundsException'> (0x00000000dce19be8) thrown at [/HUDSON/workspace/8-2-build-linux-amd64/jdk8u201/12317/hotspot/src/share/vm/runtime/sharedRuntime.cpp, line 605]

Events (10 events):
Event: 2.381 loading class org/springframework/security/authentication/AuthenticationTrustResolver done
Event: 2.382 loading class sun/reflect/generics/tree/VoidDescriptor
Event: 2.383 loading class sun/reflect/generics/tree/VoidDescriptor done
Event: 2.383 Executing VM operation: Deoptimize
Event: 2.384 Executing VM operation: Deoptimize done
Event: 2.385 loading class org/springframework/cglib/proxy/BridgeMethodResolver$BridgedFinder
Event: 2.385 loading class org/springframework/cglib/proxy/BridgeMethodResolver$BridgedFinder done
Event: 2.385 loading class org/springframework/cglib/proxy/BridgeMethodResolver$BridgedFinder$1
Event: 2.385 loading class org/springframework/cglib/proxy/BridgeMethodResolver$BridgedFinder$1 done
Event: 2.425 Executing VM operation: ParallelGCFailedAllocation


Dynamic libraries:
00400000-00401000 r-xp 00000000 08:06 3410270                            /home/acer/.sdkman/candidates/java/8.0.201-oracle/bin/java
00600000-00601000 r--p 00000000 08:06 3410270                            /home/acer/.sdkman/candidates/java/8.0.201-oracle/bin/java
00601000-00602000 rw-p 00001000 08:06 3410270                            /home/acer/.sdkman/candidates/java/8.0.201-oracle/bin/java
01198000-011b9000 rw-p 00000000 00:00 0                                  [heap]
85000000-88300000 rw-p 00000000 00:00 0 
88300000-d7000000 ---p 00000000 00:00 0 
d7000000-df880000 rw-p 00000000 00:00 0 
df880000-100000000 ---p 00000000 00:00 0 
100000000-1003c0000 rw-p 00000000 00:00 0 
1003c0000-140000000 ---p 00000000 00:00 0 
7f9c94000000-7f9c94021000 rw-p 00000000 00:00 0 
7f9c94021000-7f9c98000000 ---p 00000000 00:00 0 
7f9c98000000-7f9c9806d000 rw-p 00000000 00:00 0 
7f9c9806d000-7f9c9c000000 ---p 00000000 00:00 0 
7f9c9c000000-7f9c9c021000 rw-p 00000000 00:00 0 
7f9c9c021000-7f9ca0000000 ---p 00000000 00:00 0 
7f9ca0000000-7f9ca03bb000 rw-p 00000000 00:00 0 
7f9ca03bb000-7f9ca4000000 ---p 00000000 00:00 0 
7f9ca4000000-7f9ca4021000 rw-p 00000000 00:00 0 
7f9ca4021000-7f9ca8000000 ---p 00000000 00:00 0 
7f9ca8000000-7f9ca8021000 rw-p 00000000 00:00 0 
7f9ca8021000-7f9cac000000 ---p 00000000 00:00 0 
7f9cac000000-7f9cac021000 rw-p 00000000 00:00 0 
7f9cac021000-7f9cb0000000 ---p 00000000 00:00 0 
7f9cb0000000-7f9cb0021000 rw-p 00000000 00:00 0 
7f9cb0021000-7f9cb4000000 ---p 00000000 00:00 0 
7f9cb4000000-7f9cb4021000 rw-p 00000000 00:00 0 
7f9cb4021000-7f9cb8000000 ---p 00000000 00:00 0 
7f9cb8000000-7f9cb8021000 rw-p 00000000 00:00 0 
7f9cb8021000-7f9cbc000000 ---p 00000000 00:00 0 
7f9cbc000000-7f9cbc600000 rw-p 00000000 00:00 0 
7f9cbc600000-7f9cc0000000 ---p 00000000 00:00 0 
7f9cc0000000-7f9cc0021000 rw-p 00000000 00:00 0 
7f9cc0021000-7f9cc4000000 ---p 00000000 00:00 0 
7f9cc4000000-7f9cc4021000 rw-p 00000000 00:00 0 
7f9cc4021000-7f9cc8000000 ---p 00000000 00:00 0 
7f9cc8000000-7f9cc8056000 rw-p 00000000 00:00 0 
7f9cc8056000-7f9ccc000000 ---p 00000000 00:00 0 
7f9cccfff000-7f9cd0000000 rw-p 00000000 00:00 0 
7f9cd0000000-7f9cd0021000 rw-p 00000000 00:00 0 
7f9cd0021000-7f9cd4000000 ---p 00000000 00:00 0 
7f9cd4000000-7f9cd4021000 rw-p 00000000 00:00 0 
7f9cd4021000-7f9cd8000000 ---p 00000000 00:00 0 
7f9cd8000000-7f9cd8021000 rw-p 00000000 00:00 0 
7f9cd8021000-7f9cdc000000 ---p 00000000 00:00 0 
7f9cdc000000-7f9cdc021000 rw-p 00000000 00:00 0 
7f9cdc021000-7f9ce0000000 ---p 00000000 00:00 0 
7f9ce0000000-7f9ce029c000 rw-p 00000000 00:00 0 
7f9ce029c000-7f9ce4000000 ---p 00000000 00:00 0 
7f9ce41f9000-7f9ce42b9000 rw-p 00000000 00:00 0 
7f9ce42b9000-7f9ce43f9000 ---p 00000000 00:00 0 
7f9ce43f9000-7f9ce45f9000 rw-p 00000000 00:00 0 
7f9ce45f9000-7f9ce47f9000 rw-p 00000000 00:00 0 
7f9ce47f9000-7f9ce49f9000 rw-p 00000000 00:00 0 
7f9ce49f9000-7f9ce49fc000 ---p 00000000 00:00 0 
7f9ce49fc000-7f9ce4cfa000 rw-p 00000000 00:00 0 
7f9ce4cfa000-7f9ce4cfd000 ---p 00000000 00:00 0 
7f9ce4cfd000-7f9ce4ffb000 rw-p 00000000 00:00 0 
7f9ce4ffb000-7f9ce5091000 r--s 0110e000 08:06 3410429                    /home/acer/.sdkman/candidates/java/8.0.201-oracle/jre/lib/ext/jfxrt.jar
7f9ce5091000-7f9ce5291000 rw-p 00000000 00:00 0 
7f9ce5291000-7f9ce5294000 ---p 00000000 00:00 0 
7f9ce5294000-7f9ce5392000 rw-p 00000000 00:00 0 
7f9ce5392000-7f9ce53ae000 r--s 00393000 08:06 3410430                    /home/acer/.sdkman/candidates/java/8.0.201-oracle/jre/lib/ext/cldrdata.jar
7f9ce53ae000-7f9ce53b8000 r--s 00116000 08:06 3410427                    /home/acer/.sdkman/candidates/java/8.0.201-oracle/jre/lib/ext/localedata.jar
7f9ce53b8000-7f9ce53bb000 ---p 00000000 00:00 0 
7f9ce53bb000-7f9ce54b9000 rw-p 00000000 00:00 0 
7f9ce54b9000-7f9ce54bc000 ---p 00000000 00:00 0 
7f9ce54bc000-7f9ce57ba000 rw-p 00000000 00:00 0 
7f9ce57ba000-7f9ce57bd000 ---p 00000000 00:00 0 
7f9ce57bd000-7f9ce58bb000 rw-p 00000000 00:00 0 
7f9ce58bb000-7f9ce58bc000 ---p 00000000 00:00 0 
7f9ce58bc000-7f9ce59bc000 rw-p 00000000 00:00 0 
7f9ce59bc000-7f9ce59bf000 ---p 00000000 00:00 0 
7f9ce59bf000-7f9ce5abd000 rw-p 00000000 00:00 0 
7f9ce5abd000-7f9ce5ac0000 ---p 00000000 00:00 0 
7f9ce5ac0000-7f9ce5bbe000 rw-p 00000000 00:00 0 
7f9ce5bbe000-7f9ce5bc1000 ---p 00000000 00:00 0 
7f9ce5bc1000-7f9ce5cbf000 rw-p 00000000 00:00 0 
7f9ce5cbf000-7f9ce5cc3000 r--s 000a1000 08:06 3410608                    /home/acer/.sdkman/candidates/java/8.0.201-oracle/jre/lib/jsse.jar
7f9ce5cc3000-7f9ce5cd4000 r-xp 00000000 08:06 3410548                    /home/acer/.sdkman/candidates/java/8.0.201-oracle/jre/lib/amd64/libnio.so
7f9ce5cd4000-7f9ce5ed3000 ---p 00011000 08:06 3410548                    /home/acer/.sdkman/candidates/java/8.0.201-oracle/jre/lib/amd64/libnio.so
7f9ce5ed3000-7f9ce5ed4000 r--p 00010000 08:06 3410548                    /home/acer/.sdkman/candidates/java/8.0.201-oracle/jre/lib/amd64/libnio.so
7f9ce5ed4000-7f9ce5ed5000 rw-p 00011000 08:06 3410548                    /home/acer/.sdkman/candidates/java/8.0.201-oracle/jre/lib/amd64/libnio.so
7f9ce5ed5000-7f9ce5ede000 r-xp 00000000 08:06 3410544                    /home/acer/.sdkman/candidates/java/8.0.201-oracle/jre/lib/amd64/libmanagement.so
7f9ce5ede000-7f9ce60dd000 ---p 00009000 08:06 3410544                    /home/acer/.sdkman/candidates/java/8.0.201-oracle/jre/lib/amd64/libmanagement.so
7f9ce60dd000-7f9ce60de000 r--p 00008000 08:06 3410544                    /home/acer/.sdkman/candidates/java/8.0.201-oracle/jre/lib/amd64/libmanagement.so
7f9ce60de000-7f9ce60df000 rw-p 00009000 08:06 3410544                    /home/acer/.sdkman/candidates/java/8.0.201-oracle/jre/lib/amd64/libmanagement.so
7f9ce60df000-7f9ce60e2000 ---p 00000000 00:00 0 
7f9ce60e2000-7f9ce61e0000 rw-p 00000000 00:00 0 
7f9ce61e0000-7f9ce61e1000 ---p 00000000 00:00 0 
7f9ce61e1000-7f9ce61e4000 ---p 00000000 00:00 0 
7f9ce61e4000-7f9ce62e1000 rw-p 00000000 00:00 0 
7f9ce62e1000-7f9ce62f7000 r-xp 00000000 08:06 3410568                    /home/acer/.sdkman/candidates/java/8.0.201-oracle/jre/lib/amd64/libnet.so
7f9ce62f7000-7f9ce64f7000 ---p 00016000 08:06 3410568                    /home/acer/.sdkman/candidates/java/8.0.201-oracle/jre/lib/amd64/libnet.so
7f9ce64f7000-7f9ce64f8000 r--p 00016000 08:06 3410568                    /home/acer/.sdkman/candidates/java/8.0.201-oracle/jre/lib/amd64/libnet.so
7f9ce64f8000-7f9ce64f9000 rw-p 00017000 08:06 3410568                    /home/acer/.sdkman/candidates/java/8.0.201-oracle/jre/lib/amd64/libnet.so
7f9ce64f9000-7f9ce64fa000 ---p 00000000 00:00 0 
7f9ce64fa000-7f9ce64fd000 ---p 00000000 00:00 0 
7f9ce64fd000-7f9ce65fa000 rw-p 00000000 00:00 0 
7f9ce65fa000-7f9ce65fb000 ---p 00000000 00:00 0 
7f9ce65fb000-7f9ce65fe000 ---p 00000000 00:00 0 
7f9ce65fe000-7f9ce66fb000 rw-p 00000000 00:00 0 
7f9ce66fb000-7f9ce66fe000 ---p 00000000 00:00 0 
7f9ce66fe000-7f9ce67fc000 rw-p 00000000 00:00 0 
7f9ce67fc000-7f9ce67fe000 r--s 0001a000 08:06 3934913                    /home/acer/.programFiles/idea-IU-183.5153.38/lib/idea_rt.jar
7f9ce67fe000-7f9ce6815000 r--s 00296000 08:06 3539304                    /home/acer/.m2/repository/org/eclipse/jdt/ecj/3.15.0/ecj-3.15.0.jar
7f9ce6815000-7f9ce681e000 r--s 0008e000 08:06 3540255                    /home/acer/.m2/repository/org/apache/tomcat/embed/tomcat-embed-jasper/9.0.14/tomcat-embed-jasper-9.0.14.jar
7f9ce681e000-7f9ce6828000 r--s 0005c000 08:06 3540244                    /home/acer/.m2/repository/jstl/jstl/1.2/jstl-1.2.jar
7f9ce6828000-7f9ce6834000 r--s 0005e000 08:06 3540313                    /home/acer/.m2/repository/org/springframework/security/spring-security-core/5.1.3.RELEASE/spring-security-core-5.1.3.RELEASE.jar
7f9ce6834000-7f9ce6835000 r--s 00005000 08:06 3540168                    /home/acer/.m2/repository/org/springframework/spring-jcl/5.1.4.RELEASE/spring-jcl-5.1.4.RELEASE.jar
7f9ce6835000-7f9ce684e000 r--s 00123000 08:06 3540253                    /home/acer/.m2/repository/org/springframework/spring-core/5.1.4.RELEASE/spring-core-5.1.4.RELEASE.jar
7f9ce684e000-7f9ce6854000 r--s 0003b000 08:06 3540273                    /home/acer/.m2/repository/org/apache/tomcat/embed/tomcat-embed-websocket/9.0.14/tomcat-embed-websocket-9.0.14.jar
7f9ce6854000-7f9ce6859000 r--s 00039000 08:06 3539301                    /home/acer/.m2/repository/org/apache/tomcat/embed/tomcat-embed-el/9.0.14/tomcat-embed-el-9.0.14.jar
7f9ce6859000-7f9ce6883000 r--s 002f1000 08:06 3539298                    /home/acer/.m2/repository/org/apache/tomcat/embed/tomcat-embed-core/9.0.14/tomcat-embed-core-9.0.14.jar
7f9ce6883000-7f9ce6885000 r--s 00005000 08:06 3540211                    /home/acer/.m2/repository/javax/annotation/javax.annotation-api/1.3.2/javax.annotation-api-1.3.2.jar
7f9ce6885000-7f9ce6886000 r--s 00000000 08:06 3540179                    /home/acer/.m2/repository/org/springframework/boot/spring-boot-starter-tomcat/2.1.2.RELEASE/spring-boot-starter-tomcat-2.1.2.RELEASE.jar
7f9ce6886000-7f9ce689d000 r--s 001f2000 08:06 3540143                    /home/acer/.m2/repository/mysql/mysql-connector-java/8.0.13/mysql-connector-java-8.0.13.jar
7f9ce689d000-7f9ce68ac000 r--s 000b5000 08:06 3540200                    /home/acer/.m2/repository/org/springframework/spring-webmvc/5.1.4.RELEASE/spring-webmvc-5.1.4.RELEASE.jar
7f9ce68ac000-7f9ce68c8000 r--s 00136000 08:06 3540271                    /home/acer/.m2/repository/org/springframework/spring-web/5.1.4.RELEASE/spring-web-5.1.4.RELEASE.jar
7f9ce68c8000-7f9ce68cd000 r--s 00012000 08:06 3540265                    /home/acer/.m2/repository/javax/validation/validation-api/2.0.1.Final/validation-api-2.0.1.Final.jar
7f9ce68cd000-7f9ce68ea000 r--s 000fe000 08:06 3540263                    /home/acer/.m2/repository/org/hibernate/validator/hibernate-validator/6.0.14.Final/hibernate-validator-6.0.14.Final.jar
7f9ce68ea000-7f9ce68ec000 r--s 00001000 08:06 3540203                    /home/acer/.m2/repository/com/fasterxml/jackson/module/jackson-module-parameter-names/2.9.8/jackson-module-parameter-names-2.9.8.jar
7f9ce68ec000-7f9ce68ef000 r--s 00016000 08:06 3540146                    /home/acer/.m2/repository/com/fasterxml/jackson/datatype/jackson-datatype-jsr310/2.9.8/jackson-datatype-jsr310-2.9.8.jar
7f9ce68ef000-7f9ce68f1000 r--s 00007000 08:06 3540227                    /home/acer/.m2/repository/com/fasterxml/jackson/datatype/jackson-datatype-jdk8/2.9.8/jackson-datatype-jdk8-2.9.8.jar
7f9ce68f1000-7f9ce68f2000 r--s 00000000 08:06 3540198                    /home/acer/.m2/repository/org/springframework/boot/spring-boot-starter-json/2.1.2.RELEASE/spring-boot-starter-json-2.1.2.RELEASE.jar
7f9ce68f2000-7f9ce68f3000 r--s 00000000 08:06 3540249                    /home/acer/.m2/repository/org/springframework/boot/spring-boot-starter-web/2.1.2.RELEASE/spring-boot-starter-web-2.1.2.RELEASE.jar
7f9ce68f3000-7f9ce68f8000 r--s 00040000 08:06 3540258                    /home/acer/.m2/repository/org/springframework/spring-expression/5.1.4.RELEASE/spring-expression-5.1.4.RELEASE.jar
7f9ce68f8000-7f9ce6907000 r--s 00075000 08:06 3540189                    /home/acer/.m2/repository/org/springframework/security/spring-security-web/5.1.3.RELEASE/spring-security-web-5.1.3.RELEASE.jar
7f9ce6907000-7f9ce6914000 r--s 000b2000 08:06 3540222                    /home/acer/.m2/repository/org/springframework/security/spring-security-config/5.1.3.RELEASE/spring-security-config-5.1.3.RELEASE.jar
7f9ce6914000-7f9ce691e000 r--s 00051000 08:06 3540315                    /home/acer/.m2/repository/org/springframework/spring-aop/5.1.4.RELEASE/spring-aop-5.1.4.RELEASE.jar
7f9ce691e000-7f9ce6925000 r--s 00043000 08:06 3540245                    /home/acer/.m2/repository/org/yaml/snakeyaml/1.23/snakeyaml-1.23.jar
7f9ce6925000-7f9ce6927000 r--s 00000000 08:06 3540241                    /home/acer/.m2/repository/org/slf4j/jul-to-slf4j/1.7.25/jul-to-slf4j-1.7.25.jar
7f9ce6927000-7f9ce692d000 r--s 0003b000 08:06 3540238                    /home/acer/.m2/repository/org/apache/logging/log4j/log4j-api/2.11.1/log4j-api-2.11.1.jar
7f9ce692d000-7f9ce692f000 r--s 00003000 08:06 3540187                    /home/acer/.m2/repository/org/apache/logging/log4j/log4j-to-slf4j/2.11.1/log4j-to-slf4j-2.11.1.jar
7f9ce692f000-7f9ce693a000 r--s 00069000 08:06 3540235                    /home/acer/.m2/repository/ch/qos/logback/logback-core/1.2.3/logback-core-1.2.3.jar
7f9ce693a000-7f9ce6940000 r--s 00041000 08:06 3540233                    /home/acer/.m2/repository/ch/qos/logback/logback-classic/1.2.3/logback-classic-1.2.3.jar
7f9ce6940000-7f9ce6941000 r--s 00000000 08:06 3540219                    /home/acer/.m2/repository/org/springframework/boot/spring-boot-starter-logging/2.1.2.RELEASE/spring-boot-starter-logging-2.1.2.RELEASE.jar
7f9ce6941000-7f9ce6964000 r--s 00110000 08:06 3540283                    /home/acer/.m2/repository/org/springframework/boot/spring-boot-autoconfigure/2.1.2.RELEASE/spring-boot-autoconfigure-2.1.2.RELEASE.jar
7f9ce6964000-7f9ce6979000 r--s 000d3000 08:06 3540277                    /home/acer/.m2/repository/org/springframework/boot/spring-boot/2.1.2.RELEASE/spring-boot-2.1.2.RELEASE.jar
7f9ce6979000-7f9ce697a000 r--s 00000000 08:06 3540275                    /home/acer/.m2/repository/org/springframework/boot/spring-boot-starter/2.1.2.RELEASE/spring-boot-starter-2.1.2.RELEASE.jar
7f9ce697a000-7f9ce697b000 r--s 00000000 08:06 3540223                    /home/acer/.m2/repository/org/springframework/boot/spring-boot-starter-security/2.1.2.RELEASE/spring-boot-starter-security-2.1.2.RELEASE.jar
7f9ce697b000-7f9ce697e000 r--s 0000e000 08:06 3540191                    /home/acer/.m2/repository/com/fasterxml/jackson/core/jackson-annotations/2.9.0/jackson-annotations-2.9.0.jar
7f9ce697e000-7f9ce6982000 r--s 0004c000 08:06 3540248                    /home/acer/.m2/repository/com/fasterxml/jackson/core/jackson-core/2.9.8/jackson-core-2.9.8.jar
7f9ce6982000-7f9ce6994000 r--s 00137000 08:06 3540261                    /home/acer/.m2/repository/com/fasterxml/jackson/core/jackson-databind/2.9.8/jackson-databind-2.9.8.jar
7f9ce6994000-7f9ce6996000 r--s 00002000 08:06 3540196                    /home/acer/.m2/repository/org/atteo/evo-inflector/1.2.2/evo-inflector-1.2.2.jar
7f9ce6996000-7f9ce6997000 r--s 00004000 08:06 3540215                    /home/acer/.m2/repository/org/springframework/plugin/spring-plugin-core/1.2.0.RELEASE/spring-plugin-core-1.2.0.RELEASE.jar
7f9ce6997000-7f9ce699c000 r--s 0002f000 08:06 3540209                    /home/acer/.m2/repository/org/springframework/hateoas/spring-hateoas/0.25.0.RELEASE/spring-hateoas-0.25.0.RELEASE.jar
7f9ce699c000-7f9ce69a1000 r--s 0001f000 08:06 3540205                    /home/acer/.m2/repository/org/springframework/data/spring-data-rest-core/3.1.4.RELEASE/spring-data-rest-core-3.1.4.RELEASE.jar
7f9ce69a1000-7f9ce69a9000 r--s 0004c000 08:06 3540204                    /home/acer/.m2/repository/org/springframework/data/spring-data-rest-webmvc/3.1.4.RELEASE/spring-data-rest-webmvc-3.1.4.RELEASE.jar
7f9ce69a9000-7f9ce69ab000 r--s 0000a000 08:06 3540193                    /home/acer/.m2/repository/org/springframework/spring-aspects/5.1.4.RELEASE/spring-aspects-5.1.4.RELEASE.jar
7f9ce69ab000-7f9ce69b8000 r--s 00098000 08:06 3540317                    /home/acer/.m2/repository/org/springframework/spring-beans/5.1.4.RELEASE/spring-beans-5.1.4.RELEASE.jar
7f9ce69b8000-7f9ce69c0000 r--s 00037000 08:06 3540207                    /home/acer/.m2/repository/org/springframework/spring-tx/5.1.4.RELEASE/spring-tx-5.1.4.RELEASE.jar
7f9ce69c0000-7f9ce69da000 r--s 000f3000 08:06 3540256                    /home/acer/.m2/repository/org/springframework/spring-context/5.1.4.RELEASE/spring-context-5.1.4.RELEASE.jar
7f9ce69da000-7f9ce6a20000 r--s 002d7000 08:06 3540297                    /home/acer/.m2/repository/net/bytebuddy/byte-buddy/1.9.7/byte-buddy-1.9.7.jar
7f9ce6a20000-7f9ce6aa3000 r--s 00624000 08:06 3540165                    /home/acer/.m2/repository/org/hibernate/hibernate-core/5.3.7.Final/hibernate-core-5.3.7.Final.jar
7f9ce6aa3000-7f9ce6aa6000 ---p 00000000 00:00 0 
7f9ce6aa6000-7f9ce6ba4000 rw-p 00000000 00:00 0 
7f9ce6ba4000-7f9ce7573000 r--p 00000000 08:06 4463233                    /usr/lib/locale/locale-archive
7f9ce7573000-7f9ce7576000 ---p 00000000 00:00 0 
7f9ce7576000-7f9ce7674000 rw-p 00000000 00:00 0 
7f9ce7674000-7f9ce7677000 ---p 00000000 00:00 0 
7f9ce7677000-7f9ce7775000 rw-p 00000000 00:00 0 
7f9ce7775000-7f9ce7776000 ---p 00000000 00:00 0 
7f9ce7776000-7f9cec000000 rw-p 00000000 00:00 0 
7f9cec000000-7f9cec021000 rw-p 00000000 00:00 0 
7f9cec021000-7f9cf0000000 ---p 00000000 00:00 0 
7f9cf0000000-7f9cf0021000 rw-p 00000000 00:00 0 
7f9cf0021000-7f9cf4000000 ---p 00000000 00:00 0 
7f9cf4000000-7f9cf4021000 rw-p 00000000 00:00 0 
7f9cf4021000-7f9cf8000000 ---p 00000000 00:00 0 
7f9cf8000000-7f9cf8021000 rw-p 00000000 00:00 0 
7f9cf8021000-7f9cfc000000 ---p 00000000 00:00 0 
7f9cfc000000-7f9cfc002000 r--s 00009000 08:06 3540291                    /home/acer/.m2/repository/org/slf4j/slf4j-api/1.7.25/slf4j-api-1.7.25.jar
7f9cfc002000-7f9cfc006000 r--s 0002d000 08:06 3540142                    /home/acer/.m2/repository/org/springframework/spring-orm/5.1.4.RELEASE/spring-orm-5.1.4.RELEASE.jar
7f9cfc006000-7f9cfc01e000 r--s 00105000 08:06 3540141                    /home/acer/.m2/repository/org/springframework/data/spring-data-commons/2.1.4.RELEASE/spring-data-commons-2.1.4.RELEASE.jar
7f9cfc01e000-7f9cfc026000 r--s 0004d000 08:06 3540167                    /home/acer/.m2/repository/org/springframework/data/spring-data-jpa/2.1.4.RELEASE/spring-data-jpa-2.1.4.RELEASE.jar
7f9cfc026000-7f9cfc029000 r--s 00010000 08:06 3540163                    /home/acer/.m2/repository/org/hibernate/common/hibernate-commons-annotations/5.0.4.Final/hibernate-commons-annotations-5.0.4.Final.jar
7f9cfc029000-7f9cfc02e000 r--s 0004b000 08:06 3540183                    /home/acer/.m2/repository/org/dom4j/dom4j/2.1.1/dom4j-2.1.1.jar
7f9cfc02e000-7f9cfc030000 r--s 0000f000 08:06 3540186                    /home/acer/.m2/repository/com/fasterxml/classmate/1.4.0/classmate-1.4.0.jar
7f9cfc030000-7f9cfc033000 r--s 0002b000 08:06 3540177                    /home/acer/.m2/repository/org/jboss/jandex/2.0.5.Final/jandex-2.0.5.Final.jar
7f9cfc033000-7f9cfc038000 r--s 00068000 08:06 3540175                    /home/acer/.m2/repository/antlr/antlr/2.7.7/antlr-2.7.7.jar
7f9cfc038000-7f9cfc043000 r--s 000b2000 08:06 3540171                    /home/acer/.m2/repository/org/javassist/javassist/3.23.1-GA/javassist-3.23.1-GA.jar
7f9cfc043000-7f9cfc049000 r--s 00023000 08:06 3540170                    /home/acer/.m2/repository/javax/persistence/javax.persistence-api/2.2/javax.persistence-api-2.2.jar
7f9cfc049000-7f9cfc04b000 r--s 0000f000 08:06 3540267                    /home/acer/.m2/repository/org/jboss/logging/jboss-logging/3.3.2.Final/jboss-logging-3.3.2.Final.jar
7f9cfc04b000-7f9cfc04d000 r--s 0000c000 08:06 3540181                    /home/acer/.m2/repository/javax/activation/javax.activation-api/1.2.0/javax.activation-api-1.2.0.jar
7f9cfc04d000-7f9cfc051000 r--s 0001c000 08:06 3540140                    /home/acer/.m2/repository/javax/xml/bind/jaxb-api/2.3.1/jaxb-api-2.3.1.jar
7f9cfc051000-7f9cfc06a000 r--s 001de000 08:06 3540195                    /home/acer/.m2/repository/org/aspectj/aspectjweaver/1.9.2/aspectjweaver-1.9.2.jar
7f9cfc06a000-7f9cfc07d000 r--s 00345000 08:06 3410296                    /home/acer/.sdkman/candidates/java/8.0.201-oracle/jre/lib/resources.jar
7f9cfc07d000-7f9cfc090000 r--s 000d6000 08:06 3410343                    /home/acer/.sdkman/candidates/java/8.0.201-oracle/jre/lib/plugin.jar
7f9cfc090000-7f9cfc0ab000 r--s 0020c000 08:06 3410391                    /home/acer/.sdkman/candidates/java/8.0.201-oracle/jre/lib/deploy.jar
7f9cfc0ab000-7f9cfc5b0000 rw-p 00000000 00:00 0 
7f9cfc5b0000-7f9cfc78a000 r--s 03d6f000 08:06 3410423                    /home/acer/.sdkman/candidates/java/8.0.201-oracle/jre/lib/rt.jar
7f9cfc78a000-7f9cfd000000 rw-p 00000000 00:00 0 
7f9cfd000000-7f9cfd580000 rwxp 00000000 00:00 0 
7f9cfd580000-7f9d0c000000 ---p 00000000 00:00 0 
7f9d0c000000-7f9d0cbaf000 rw-p 00000000 00:00 0 
7f9d0cbaf000-7f9d10000000 ---p 00000000 00:00 0 
7f9d10000000-7f9d10001000 r--s 00000000 08:06 3540155                    /home/acer/.m2/repository/org/springframework/boot/spring-boot-starter-data-rest/2.1.2.RELEASE/spring-boot-starter-data-rest-2.1.2.RELEASE.jar
7f9d10001000-7f9d10002000 r--s 00006000 08:06 3540159                    /home/acer/.m2/repository/javax/transaction/javax.transaction-api/1.3/javax.transaction-api-1.3.jar
7f9d10002000-7f9d1000b000 r--s 0005a000 08:06 3540153                    /home/acer/.m2/repository/org/springframework/spring-jdbc/5.1.4.RELEASE/spring-jdbc-5.1.4.RELEASE.jar
7f9d1000b000-7f9d1000f000 r--s 00020000 08:06 3540150                    /home/acer/.m2/repository/com/zaxxer/HikariCP/3.2.0/HikariCP-3.2.0.jar
7f9d1000f000-7f9d10010000 r--s 00000000 08:06 3540145                    /home/acer/.m2/repository/org/springframework/boot/spring-boot-starter-jdbc/2.1.2.RELEASE/spring-boot-starter-jdbc-2.1.2.RELEASE.jar
7f9d10010000-7f9d103e8000 rw-p 00000000 00:00 0 
7f9d103e8000-7f9d103e9000 ---p 00000000 00:00 0 
7f9d103e9000-7f9d104e9000 rw-p 00000000 00:00 0 
7f9d104e9000-7f9d104ea000 ---p 00000000 00:00 0 
7f9d104ea000-7f9d105ea000 rw-p 00000000 00:00 0 
7f9d105ea000-7f9d105eb000 ---p 00000000 00:00 0 
7f9d105eb000-7f9d106eb000 rw-p 00000000 00:00 0 
7f9d106eb000-7f9d106ec000 ---p 00000000 00:00 0 
7f9d106ec000-7f9d10806000 rw-p 00000000 00:00 0 
7f9d10806000-7f9d10a7c000 ---p 00000000 00:00 0 
7f9d10a7c000-7f9d10a96000 rw-p 00000000 00:00 0 
7f9d10a96000-7f9d10d0c000 ---p 00000000 00:00 0 
7f9d10d0c000-7f9d10d51000 rw-p 00000000 00:00 0 
7f9d10d51000-7f9d10e54000 ---p 00000000 00:00 0 
7f9d10e54000-7f9d10e6b000 rw-p 00000000 00:00 0 
7f9d10e6b000-7f9d11215000 ---p 00000000 00:00 0 
7f9d11215000-7f9d11230000 r-xp 00000000 08:06 3410571                    /home/acer/.sdkman/candidates/java/8.0.201-oracle/jre/lib/amd64/libzip.so
7f9d11230000-7f9d1142f000 ---p 0001b000 08:06 3410571                    /home/acer/.sdkman/candidates/java/8.0.201-oracle/jre/lib/amd64/libzip.so
7f9d1142f000-7f9d11430000 r--p 0001a000 08:06 3410571                    /home/acer/.sdkman/candidates/java/8.0.201-oracle/jre/lib/amd64/libzip.so
7f9d11430000-7f9d11431000 rw-p 0001b000 08:06 3410571                    /home/acer/.sdkman/candidates/java/8.0.201-oracle/jre/lib/amd64/libzip.so
7f9d11431000-7f9d1143c000 r-xp 00000000 08:06 11145999                   /lib/x86_64-linux-gnu/libnss_files-2.27.so
7f9d1143c000-7f9d1163b000 ---p 0000b000 08:06 11145999                   /lib/x86_64-linux-gnu/libnss_files-2.27.so
7f9d1163b000-7f9d1163c000 r--p 0000a000 08:06 11145999                   /lib/x86_64-linux-gnu/libnss_files-2.27.so
7f9d1163c000-7f9d1163d000 rw-p 0000b000 08:06 11145999                   /lib/x86_64-linux-gnu/libnss_files-2.27.so
7f9d1163d000-7f9d11643000 rw-p 00000000 00:00 0 
7f9d11643000-7f9d1165a000 r-xp 00000000 08:06 11145993                   /lib/x86_64-linux-gnu/libnsl-2.27.so
7f9d1165a000-7f9d11859000 ---p 00017000 08:06 11145993                   /lib/x86_64-linux-gnu/libnsl-2.27.so
7f9d11859000-7f9d1185a000 r--p 00016000 08:06 11145993                   /lib/x86_64-linux-gnu/libnsl-2.27.so
7f9d1185a000-7f9d1185b000 rw-p 00017000 08:06 11145993                   /lib/x86_64-linux-gnu/libnsl-2.27.so
7f9d1185b000-7f9d1185d000 rw-p 00000000 00:00 0 
7f9d1185d000-7f9d11868000 r-xp 00000000 08:06 11146010                   /lib/x86_64-linux-gnu/libnss_nis-2.27.so
7f9d11868000-7f9d11a67000 ---p 0000b000 08:06 11146010                   /lib/x86_64-linux-gnu/libnss_nis-2.27.so
7f9d11a67000-7f9d11a68000 r--p 0000a000 08:06 11146010                   /lib/x86_64-linux-gnu/libnss_nis-2.27.so
7f9d11a68000-7f9d11a69000 rw-p 0000b000 08:06 11146010                   /lib/x86_64-linux-gnu/libnss_nis-2.27.so
7f9d11a69000-7f9d11a71000 r-xp 00000000 08:06 11145995                   /lib/x86_64-linux-gnu/libnss_compat-2.27.so
7f9d11a71000-7f9d11c71000 ---p 00008000 08:06 11145995                   /lib/x86_64-linux-gnu/libnss_compat-2.27.so
7f9d11c71000-7f9d11c72000 r--p 00008000 08:06 11145995                   /lib/x86_64-linux-gnu/libnss_compat-2.27.so
7f9d11c72000-7f9d11c73000 rw-p 00009000 08:06 11145995                   /lib/x86_64-linux-gnu/libnss_compat-2.27.so
7f9d11c73000-7f9d11c7d000 r-xp 00000000 08:06 3410556                    /home/acer/.sdkman/candidates/java/8.0.201-oracle/jre/lib/amd64/libinstrument.so
7f9d11c7d000-7f9d11e7c000 ---p 0000a000 08:06 3410556                    /home/acer/.sdkman/candidates/java/8.0.201-oracle/jre/lib/amd64/libinstrument.so
7f9d11e7c000-7f9d11e7d000 r--p 00009000 08:06 3410556                    /home/acer/.sdkman/candidates/java/8.0.201-oracle/jre/lib/amd64/libinstrument.so
7f9d11e7d000-7f9d11e7e000 rw-p 0000a000 08:06 3410556                    /home/acer/.sdkman/candidates/java/8.0.201-oracle/jre/lib/amd64/libinstrument.so
7f9d11e7e000-7f9d11eaa000 r-xp 00000000 08:06 3410558                    /home/acer/.sdkman/candidates/java/8.0.201-oracle/jre/lib/amd64/libjava.so
7f9d11eaa000-7f9d120aa000 ---p 0002c000 08:06 3410558                    /home/acer/.sdkman/candidates/java/8.0.201-oracle/jre/lib/amd64/libjava.so
7f9d120aa000-7f9d120ab000 r--p 0002c000 08:06 3410558                    /home/acer/.sdkman/candidates/java/8.0.201-oracle/jre/lib/amd64/libjava.so
7f9d120ab000-7f9d120ad000 rw-p 0002d000 08:06 3410558                    /home/acer/.sdkman/candidates/java/8.0.201-oracle/jre/lib/amd64/libjava.so
7f9d120ad000-7f9d120ba000 r-xp 00000000 08:06 3410534                    /home/acer/.sdkman/candidates/java/8.0.201-oracle/jre/lib/amd64/libverify.so
7f9d120ba000-7f9d122b9000 ---p 0000d000 08:06 3410534                    /home/acer/.sdkman/candidates/java/8.0.201-oracle/jre/lib/amd64/libverify.so
7f9d122b9000-7f9d122bb000 r--p 0000c000 08:06 3410534                    /home/acer/.sdkman/candidates/java/8.0.201-oracle/jre/lib/amd64/libverify.so
7f9d122bb000-7f9d122bc000 rw-p 0000e000 08:06 3410534                    /home/acer/.sdkman/candidates/java/8.0.201-oracle/jre/lib/amd64/libverify.so
7f9d122bc000-7f9d122c3000 r-xp 00000000 08:06 11146050                   /lib/x86_64-linux-gnu/librt-2.27.so
7f9d122c3000-7f9d124c2000 ---p 00007000 08:06 11146050                   /lib/x86_64-linux-gnu/librt-2.27.so
7f9d124c2000-7f9d124c3000 r--p 00006000 08:06 11146050                   /lib/x86_64-linux-gnu/librt-2.27.so
7f9d124c3000-7f9d124c4000 rw-p 00007000 08:06 11146050                   /lib/x86_64-linux-gnu/librt-2.27.so
7f9d124c4000-7f9d12661000 r-xp 00000000 08:06 11145972                   /lib/x86_64-linux-gnu/libm-2.27.so
7f9d12661000-7f9d12860000 ---p 0019d000 08:06 11145972                   /lib/x86_64-linux-gnu/libm-2.27.so
7f9d12860000-7f9d12861000 r--p 0019c000 08:06 11145972                   /lib/x86_64-linux-gnu/libm-2.27.so
7f9d12861000-7f9d12862000 rw-p 0019d000 08:06 11145972                   /lib/x86_64-linux-gnu/libm-2.27.so
7f9d12862000-7f9d1354a000 r-xp 00000000 08:06 3410604                    /home/acer/.sdkman/candidates/java/8.0.201-oracle/jre/lib/amd64/server/libjvm.so
7f9d1354a000-7f9d13749000 ---p 00ce8000 08:06 3410604                    /home/acer/.sdkman/candidates/java/8.0.201-oracle/jre/lib/amd64/server/libjvm.so
7f9d13749000-7f9d137df000 r--p 00ce7000 08:06 3410604                    /home/acer/.sdkman/candidates/java/8.0.201-oracle/jre/lib/amd64/server/libjvm.so
7f9d137df000-7f9d13810000 rw-p 00d7d000 08:06 3410604                    /home/acer/.sdkman/candidates/java/8.0.201-oracle/jre/lib/amd64/server/libjvm.so
7f9d13810000-7f9d1384b000 rw-p 00000000 00:00 0 
7f9d1384b000-7f9d13a32000 r-xp 00000000 08:06 11145909                   /lib/x86_64-linux-gnu/libc-2.27.so
7f9d13a32000-7f9d13c32000 ---p 001e7000 08:06 11145909                   /lib/x86_64-linux-gnu/libc-2.27.so
7f9d13c32000-7f9d13c36000 r--p 001e7000 08:06 11145909                   /lib/x86_64-linux-gnu/libc-2.27.so
7f9d13c36000-7f9d13c38000 rw-p 001eb000 08:06 11145909                   /lib/x86_64-linux-gnu/libc-2.27.so
7f9d13c38000-7f9d13c3c000 rw-p 00000000 00:00 0 
7f9d13c3c000-7f9d13c3f000 r-xp 00000000 08:06 11145932                   /lib/x86_64-linux-gnu/libdl-2.27.so
7f9d13c3f000-7f9d13e3e000 ---p 00003000 08:06 11145932                   /lib/x86_64-linux-gnu/libdl-2.27.so
7f9d13e3e000-7f9d13e3f000 r--p 00002000 08:06 11145932                   /lib/x86_64-linux-gnu/libdl-2.27.so
7f9d13e3f000-7f9d13e40000 rw-p 00003000 08:06 11145932                   /lib/x86_64-linux-gnu/libdl-2.27.so
7f9d13e40000-7f9d13e57000 r-xp 00000000 08:06 3410128                    /home/acer/.sdkman/candidates/java/8.0.201-oracle/lib/amd64/jli/libjli.so
7f9d13e57000-7f9d14056000 ---p 00017000 08:06 3410128                    /home/acer/.sdkman/candidates/java/8.0.201-oracle/lib/amd64/jli/libjli.so
7f9d14056000-7f9d14057000 r--p 00016000 08:06 3410128                    /home/acer/.sdkman/candidates/java/8.0.201-oracle/lib/amd64/jli/libjli.so
7f9d14057000-7f9d14058000 rw-p 00017000 08:06 3410128                    /home/acer/.sdkman/candidates/java/8.0.201-oracle/lib/amd64/jli/libjli.so
7f9d14058000-7f9d14072000 r-xp 00000000 08:06 11146042                   /lib/x86_64-linux-gnu/libpthread-2.27.so
7f9d14072000-7f9d14271000 ---p 0001a000 08:06 11146042                   /lib/x86_64-linux-gnu/libpthread-2.27.so
7f9d14271000-7f9d14272000 r--p 00019000 08:06 11146042                   /lib/x86_64-linux-gnu/libpthread-2.27.so
7f9d14272000-7f9d14273000 rw-p 0001a000 08:06 11146042                   /lib/x86_64-linux-gnu/libpthread-2.27.so
7f9d14273000-7f9d14277000 rw-p 00000000 00:00 0 
7f9d14277000-7f9d1429e000 r-xp 00000000 08:06 11145881                   /lib/x86_64-linux-gnu/ld-2.27.so
7f9d1429e000-7f9d1429f000 r--s 00000000 08:06 3540137                    /home/acer/.m2/repository/org/springframework/boot/spring-boot-starter-aop/2.1.2.RELEASE/spring-boot-starter-aop-2.1.2.RELEASE.jar
7f9d1429f000-7f9d142a0000 r--s 00000000 08:06 3540135                    /home/acer/.m2/repository/org/springframework/boot/spring-boot-starter-data-jpa/2.1.2.RELEASE/spring-boot-starter-data-jpa-2.1.2.RELEASE.jar
7f9d142a0000-7f9d142a4000 r--s 000a1000 08:06 3410608                    /home/acer/.sdkman/candidates/java/8.0.201-oracle/jre/lib/jsse.jar
7f9d142a4000-7f9d142a6000 r--s 00007000 08:06 3410414                    /home/acer/.sdkman/candidates/java/8.0.201-oracle/jre/lib/jfxswt.jar
7f9d142a6000-7f9d142ab000 r--s 00084000 08:06 3410346                    /home/acer/.sdkman/candidates/java/8.0.201-oracle/jre/lib/jfr.jar
7f9d142ab000-7f9d142b5000 r--s 0006e000 08:06 3410342                    /home/acer/.sdkman/candidates/java/8.0.201-oracle/jre/lib/javaws.jar
7f9d142b5000-7f9d14386000 rw-p 00000000 00:00 0 
7f9d14386000-7f9d14387000 ---p 00000000 00:00 0 
7f9d14387000-7f9d1438a000 ---p 00000000 00:00 0 
7f9d1438a000-7f9d14489000 rw-p 00000000 00:00 0 
7f9d14489000-7f9d1448a000 r--s 00000000 08:06 3410436                    /home/acer/.sdkman/candidates/java/8.0.201-oracle/jre/lib/management-agent.jar
7f9d1448a000-7f9d1448d000 r--s 0001a000 08:06 3410392                    /home/acer/.sdkman/candidates/java/8.0.201-oracle/jre/lib/jce.jar
7f9d1448d000-7f9d14492000 r--s 002f9000 08:06 3410606                    /home/acer/.sdkman/candidates/java/8.0.201-oracle/jre/lib/charsets.jar
7f9d14492000-7f9d1449a000 rw-s 00000000 08:06 5643428                    /tmp/hsperfdata_acer/11416
7f9d1449a000-7f9d1449b000 rw-p 00000000 00:00 0 
7f9d1449b000-7f9d1449c000 ---p 00000000 00:00 0 
7f9d1449c000-7f9d1449e000 rw-p 00000000 00:00 0 
7f9d1449e000-7f9d1449f000 r--p 00027000 08:06 11145881                   /lib/x86_64-linux-gnu/ld-2.27.so
7f9d1449f000-7f9d144a0000 rw-p 00028000 08:06 11145881                   /lib/x86_64-linux-gnu/ld-2.27.so
7f9d144a0000-7f9d144a1000 rw-p 00000000 00:00 0 
7fff0369e000-7fff036c1000 rw-p 00000000 00:00 0                          [stack]
7fff037da000-7fff037dd000 r--p 00000000 00:00 0                          [vvar]
7fff037dd000-7fff037df000 r-xp 00000000 00:00 0                          [vdso]
ffffffffff600000-ffffffffff601000 r-xp 00000000 00:00 0                  [vsyscall]

VM Arguments:
jvm_args: -XX:TieredStopAtLevel=1 -Xverify:none -Dspring.output.ansi.enabled=always -Dcom.sun.management.jmxremote -Dcom.sun.management.jmxremote.port=34831 -Dcom.sun.management.jmxremote.authenticate=false -Dcom.sun.management.jmxremote.ssl=false -Djava.rmi.server.hostname=localhost -Dspring.liveBeansView.mbeanDomain -Dspring.application.admin.enabled=true -javaagent:/home/acer/.programFiles/idea-IU-183.5153.38/lib/idea_rt.jar=39871:/home/acer/.programFiles/idea-IU-183.5153.38/bin -Dfile.encoding=UTF-8 
java_command: kg.apps.CBMapp.CBMappApplication
java_class_path (initial): /home/acer/.sdkman/candidates/java/8.0.201-oracle/jre/lib/charsets.jar:/home/acer/.sdkman/candidates/java/8.0.201-oracle/jre/lib/deploy.jar:/home/acer/.sdkman/candidates/java/8.0.201-oracle/jre/lib/ext/cldrdata.jar:/home/acer/.sdkman/candidates/java/8.0.201-oracle/jre/lib/ext/dnsns.jar:/home/acer/.sdkman/candidates/java/8.0.201-oracle/jre/lib/ext/jaccess.jar:/home/acer/.sdkman/candidates/java/8.0.201-oracle/jre/lib/ext/jfxrt.jar:/home/acer/.sdkman/candidates/java/8.0.201-oracle/jre/lib/ext/localedata.jar:/home/acer/.sdkman/candidates/java/8.0.201-oracle/jre/lib/ext/nashorn.jar:/home/acer/.sdkman/candidates/java/8.0.201-oracle/jre/lib/ext/sunec.jar:/home/acer/.sdkman/candidates/java/8.0.201-oracle/jre/lib/ext/sunjce_provider.jar:/home/acer/.sdkman/candidates/java/8.0.201-oracle/jre/lib/ext/sunpkcs11.jar:/home/acer/.sdkman/candidates/java/8.0.201-oracle/jre/lib/ext/zipfs.jar:/home/acer/.sdkman/candidates/java/8.0.201-oracle/jre/lib/javaws.jar:/home/acer/.sdkman/candidates/java/8.0.201-oracle/jre/lib/jce.jar:/home/acer/.sdkman/candidates/java/8.0.201-oracle/jre/lib/jfr.jar:/home/acer/.sdkman/candidates/java/8.0.201-oracle/jre/lib/jfxswt.jar:/home/acer/.sdkman/candidates/java/8.0.201-oracle/jre/lib/jsse.jar:/home/acer/.sdkman/candidates/java/8.0.201-oracle/jre/lib/management-agent.jar:/home/acer/.sdkman/candidates/java/8.0.201-oracle/jre/lib/plugin.jar:/home/acer/.sdkman/candidates/java/8.0.201-oracle/jre/lib/resources.jar:/home/acer/.sdkman/candidates/java/8.0.201-oracle/jre/lib/rt.jar:/home/acer/edu/CBMapp/target/classes:/home/acer/.m2/repository/org/springframework/boot/spring-boot-starter-data-jpa/2.1.2.RELEASE/spring-boot-starter-data-jpa-2.1.2.RELEASE.jar:/home/acer/.m2/repository/org/springframework/boot/spring-boot-starter-aop/2.1.2.RELEASE/spring-boot-starter-aop-2.1.2.RELEASE.jar:/home/acer/.m2/repository/org/aspectj/aspectjweaver/1.9.2/aspectjweaver-1.9.2.jar:/home/acer/.m2/repository/org/springframework/boot/spring-boot-starter-j
Launcher Type: SUN_STANDARD

Environment Variables:
PATH=/usr/local/sbin:/usr/local/bin:/usr/sbin:/usr/bin:/sbin:/bin:/usr/games:/usr/local/games:/snap/bin
USERNAME=acer
SHELL=/bin/bash
DISPLAY=:0

Signal Handlers:
SIGSEGV: [libjvm.so+0xad3e60], sa_mask[0]=11111111011111111101111111111110, sa_flags=SA_RESTART|SA_SIGINFO
SIGBUS: [libjvm.so+0xad3e60], sa_mask[0]=11111111011111111101111111111110, sa_flags=SA_RESTART|SA_SIGINFO
SIGFPE: [libjvm.so+0x90b880], sa_mask[0]=11111111011111111101111111111110, sa_flags=SA_RESTART|SA_SIGINFO
SIGPIPE: [libjvm.so+0x90b880], sa_mask[0]=11111111011111111101111111111110, sa_flags=SA_RESTART|SA_SIGINFO
SIGXFSZ: [libjvm.so+0x90b880], sa_mask[0]=11111111011111111101111111111110, sa_flags=SA_RESTART|SA_SIGINFO
SIGILL: [libjvm.so+0x90b880], sa_mask[0]=11111111011111111101111111111110, sa_flags=SA_RESTART|SA_SIGINFO
SIGUSR1: SIG_DFL, sa_mask[0]=00000000000000000000000000000000, sa_flags=none
SIGUSR2: [libjvm.so+0x90b750], sa_mask[0]=00100000000000000000000000000000, sa_flags=SA_RESTART|SA_SIGINFO
SIGHUP: [libjvm.so+0x90bd70], sa_mask[0]=11111111011111111101111111111110, sa_flags=SA_RESTART|SA_SIGINFO
SIGINT: [libjvm.so+0x90bd70], sa_mask[0]=11111111011111111101111111111110, sa_flags=SA_RESTART|SA_SIGINFO
SIGTERM: [libjvm.so+0x90bd70], sa_mask[0]=11111111011111111101111111111110, sa_flags=SA_RESTART|SA_SIGINFO
SIGQUIT: [libjvm.so+0x90bd70], sa_mask[0]=11111111011111111101111111111110, sa_flags=SA_RESTART|SA_SIGINFO


---------------  S Y S T E M  ---------------

OS:DISTRIB_ID=Ubuntu
DISTRIB_RELEASE=18.04
DISTRIB_CODENAME=bionic
DISTRIB_DESCRIPTION="Ubuntu 18.04.1 LTS"

uname:Linux 4.15.0-43-generic #46-Ubuntu SMP Thu Dec 6 14:45:28 UTC 2018 x86_64
libc:glibc 2.27 NPTL 2.27 
rlimit: STACK 8192k, CORE 0k, NPROC 31235, NOFILE 1048576, AS infinity
load average:0.89 0.50 0.40

/proc/meminfo:
MemTotal:        8056840 kB
MemFree:          733584 kB
MemAvailable:    3236496 kB
Buffers:          205544 kB
Cached:          2699340 kB
SwapCached:            0 kB
Active:          5272316 kB
Inactive:        1734876 kB
Active(anon):    4103784 kB
Inactive(anon):   264624 kB
Active(file):    1168532 kB
Inactive(file):  1470252 kB
Unevictable:          32 kB
Mlocked:              32 kB
SwapTotal:       2999292 kB
SwapFree:        2999292 kB
Dirty:             11356 kB
Writeback:             0 kB
AnonPages:       4102268 kB
Mapped:           505148 kB
Shmem:            266104 kB
Slab:             211764 kB
SReclaimable:     166856 kB
SUnreclaim:        44908 kB
KernelStack:       12608 kB
PageTables:        45340 kB
NFS_Unstable:          0 kB
Bounce:                0 kB
WritebackTmp:          0 kB
CommitLimit:     7027712 kB
Committed_AS:    8862612 kB
VmallocTotal:   34359738367 kB
VmallocUsed:           0 kB
VmallocChunk:          0 kB
HardwareCorrupted:     0 kB
AnonHugePages:         0 kB
ShmemHugePages:        0 kB
ShmemPmdMapped:        0 kB
CmaTotal:              0 kB
CmaFree:               0 kB
HugePages_Total:       0
HugePages_Free:        0
HugePages_Rsvd:        0
HugePages_Surp:        0
Hugepagesize:       2048 kB
DirectMap4k:      189384 kB
DirectMap2M:     8087552 kB

container (cgroup) information:
container_type: cgroupv1
cpu_cpuset_cpus: 0-3
cpu_memory_nodes: 0
active_processor_count: 4
cpu_quota: -1
cpu_period: 100000
cpu_shares: -1
memory_limit_in_bytes: -1
memory_and_swap_limit_in_bytes: -2
memory_soft_limit_in_bytes: -1
memory_usage_in_bytes: 7175602176
memory_max_usage_in_bytes: 0


CPU:total 4 (initial active 4) (2 cores per cpu, 2 threads per core) family 6 model 58 stepping 9, cmov, cx8, fxsr, mmx, sse, sse2, sse3, ssse3, sse4.1, sse4.2, popcnt, avx, clmul, erms, ht, tsc, tscinvbit, tscinv

/proc/cpuinfo:
processor	: 0
vendor_id	: GenuineIntel
cpu family	: 6
model		: 58
model name	: Intel(R) Core(TM) i3-3240 CPU @ 3.40GHz
stepping	: 9
microcode	: 0x20
cpu MHz		: 3392.347
cache size	: 3072 KB
physical id	: 0
siblings	: 4
core id		: 0
cpu cores	: 2
apicid		: 0
initial apicid	: 0
fpu		: yes
fpu_exception	: yes
cpuid level	: 13
wp		: yes
flags		: fpu vme de pse tsc msr pae mce cx8 apic sep mtrr pge mca cmov pat pse36 clflush dts acpi mmx fxsr sse sse2 ss ht tm pbe syscall nx rdtscp lm constant_tsc arch_perfmon pebs bts rep_good nopl xtopology nonstop_tsc cpuid aperfmperf pni pclmulqdq dtes64 monitor ds_cpl vmx est tm2 ssse3 cx16 xtpr pdcm pcid sse4_1 sse4_2 popcnt tsc_deadline_timer xsave avx f16c lahf_lm cpuid_fault epb pti ssbd ibrs ibpb stibp tpr_shadow vnmi flexpriority ept vpid fsgsbase smep erms xsaveopt dtherm arat pln pts flush_l1d
bugs		: cpu_meltdown spectre_v1 spectre_v2 spec_store_bypass l1tf
bogomips	: 6784.49
clflush size	: 64
cache_alignment	: 64
address sizes	: 36 bits physical, 48 bits virtual
power management:

processor	: 1
vendor_id	: GenuineIntel
cpu family	: 6
model		: 58
model name	: Intel(R) Core(TM) i3-3240 CPU @ 3.40GHz
stepping	: 9
microcode	: 0x20
cpu MHz		: 3392.261
cache size	: 3072 KB
physical id	: 0
siblings	: 4
core id		: 1
cpu cores	: 2
apicid		: 2
initial apicid	: 2
fpu		: yes
fpu_exception	: yes
cpuid level	: 13
wp		: yes
flags		: fpu vme de pse tsc msr pae mce cx8 apic sep mtrr pge mca cmov pat pse36 clflush dts acpi mmx fxsr sse sse2 ss ht tm pbe syscall nx rdtscp lm constant_tsc arch_perfmon pebs bts rep_good nopl xtopology nonstop_tsc cpuid aperfmperf pni pclmulqdq dtes64 monitor ds_cpl vmx est tm2 ssse3 cx16 xtpr pdcm pcid sse4_1 sse4_2 popcnt tsc_deadline_timer xsave avx f16c lahf_lm cpuid_fault epb pti ssbd ibrs ibpb stibp tpr_shadow vnmi flexpriority ept vpid fsgsbase smep erms xsaveopt dtherm arat pln pts flush_l1d
bugs		: cpu_meltdown spectre_v1 spectre_v2 spec_store_bypass l1tf
bogomips	: 6784.49
clflush size	: 64
cache_alignment	: 64
address sizes	: 36 bits physical, 48 bits virtual
power management:

processor	: 2
vendor_id	: GenuineIntel
cpu family	: 6
model		: 58
model name	: Intel(R) Core(TM) i3-3240 CPU @ 3.40GHz
stepping	: 9
microcode	: 0x20
cpu MHz		: 3392.282
cache size	: 3072 KB
physical id	: 0
siblings	: 4
core id		: 0
cpu cores	: 2
apicid		: 1
initial apicid	: 1
fpu		: yes
fpu_exception	: yes
cpuid level	: 13
wp		: yes
flags		: fpu vme de pse tsc msr pae mce cx8 apic sep mtrr pge mca cmov pat pse36 clflush dts acpi mmx fxsr sse sse2 ss ht tm pbe syscall nx rdtscp lm constant_tsc arch_perfmon pebs bts rep_good nopl xtopology nonstop_tsc cpuid aperfmperf pni pclmulqdq dtes64 monitor ds_cpl vmx est tm2 ssse3 cx16 xtpr pdcm pcid sse4_1 sse4_2 popcnt tsc_deadline_timer xsave avx f16c lahf_lm cpuid_fault epb pti ssbd ibrs ibpb stibp tpr_shadow vnmi flexpriority ept vpid fsgsbase smep erms xsaveopt dtherm arat pln pts flush_l1d
bugs		: cpu_meltdown spectre_v1 spectre_v2 spec_store_bypass l1tf
bogomips	: 6784.49
clflush size	: 64
cache_alignment	: 64
address sizes	: 36 bits physical, 48 bits virtual
power management:

processor	: 3
vendor_id	: GenuineIntel
cpu family	: 6
model		: 58
model name	: Intel(R) Core(TM) i3-3240 CPU @ 3.40GHz
stepping	: 9
microcode	: 0x20
cpu MHz		: 3392.247
cache size	: 3072 KB
physical id	: 0
siblings	: 4
core id		: 1
cpu cores	: 2
apicid		: 3
initial apicid	: 3
fpu		: yes
fpu_exception	: yes
cpuid level	: 13
wp		: yes
flags		: fpu vme de pse tsc msr pae mce cx8 apic sep mtrr pge mca cmov pat pse36 clflush dts acpi mmx fxsr sse sse2 ss ht tm pbe syscall nx rdtscp lm constant_tsc arch_perfmon pebs bts rep_good nopl xtopology nonstop_tsc cpuid aperfmperf pni pclmulqdq dtes64 monitor ds_cpl vmx est tm2 ssse3 cx16 xtpr pdcm pcid sse4_1 sse4_2 popcnt tsc_deadline_timer xsave avx f16c lahf_lm cpuid_fault epb pti ssbd ibrs ibpb stibp tpr_shadow vnmi flexpriority ept vpid fsgsbase smep erms xsaveopt dtherm arat pln pts flush_l1d
bugs		: cpu_meltdown spectre_v1 spectre_v2 spec_store_bypass l1tf
bogomips	: 6784.49
clflush size	: 64
cache_alignment	: 64
address sizes	: 36 bits physical, 48 bits virtual
power management:



Memory: 4k page, physical 8056840k(732716k free), swap 2999292k(2999292k free)

vm_info: Java HotSpot(TM) 64-Bit Server VM (25.201-b09) for linux-amd64 JRE (1.8.0_201-b09), built on Dec 15 2018 11:35:59 by "java_re" with gcc 7.3.0

time: Thu Jan 24 15:53:59 2019
timezone: +06
elapsed time: 2 seconds (0d 0h 0m 2s)

